[2025-01-12T13:31:21.136+0000] {processor.py:153} INFO - Started process (PID=12541) to work on /opt/airflow/dags/P2M3_dini_anggriyani_DAG.py
[2025-01-12T13:31:21.139+0000] {processor.py:640} INFO - Processing file /opt/airflow/dags/P2M3_dini_anggriyani_DAG.py for tasks to queue
[2025-01-12T13:31:21.140+0000] {logging_mixin.py:115} INFO - [2025-01-12T13:31:21.140+0000] {dagbag.py:508} INFO - Filling up the DagBag from /opt/airflow/dags/P2M3_dini_anggriyani_DAG.py
[2025-01-12T13:31:21.892+0000] {processor.py:650} INFO - DAG(s) dict_keys(['pipeline']) retrieved from /opt/airflow/dags/P2M3_dini_anggriyani_DAG.py
[2025-01-12T13:31:21.928+0000] {logging_mixin.py:115} INFO - [2025-01-12T13:31:21.927+0000] {dag.py:2429} INFO - Sync 1 DAGs
[2025-01-12T13:31:22.004+0000] {logging_mixin.py:115} INFO - [2025-01-12T13:31:22.004+0000] {dag.py:2981} INFO - Setting next_dagrun for pipeline to 2025-01-11T09:30:00+00:00, run_after=2025-01-18T09:10:00+00:00
[2025-01-12T13:31:22.058+0000] {processor.py:161} INFO - Processing /opt/airflow/dags/P2M3_dini_anggriyani_DAG.py took 0.929 seconds
[2025-01-12T13:31:52.328+0000] {processor.py:153} INFO - Started process (PID=12552) to work on /opt/airflow/dags/P2M3_dini_anggriyani_DAG.py
[2025-01-12T13:31:52.329+0000] {processor.py:640} INFO - Processing file /opt/airflow/dags/P2M3_dini_anggriyani_DAG.py for tasks to queue
[2025-01-12T13:31:52.331+0000] {logging_mixin.py:115} INFO - [2025-01-12T13:31:52.330+0000] {dagbag.py:508} INFO - Filling up the DagBag from /opt/airflow/dags/P2M3_dini_anggriyani_DAG.py
[2025-01-12T13:31:54.133+0000] {processor.py:650} INFO - DAG(s) dict_keys(['pipeline']) retrieved from /opt/airflow/dags/P2M3_dini_anggriyani_DAG.py
[2025-01-12T13:31:54.199+0000] {logging_mixin.py:115} INFO - [2025-01-12T13:31:54.198+0000] {dag.py:2429} INFO - Sync 1 DAGs
[2025-01-12T13:31:54.289+0000] {logging_mixin.py:115} INFO - [2025-01-12T13:31:54.289+0000] {dag.py:2981} INFO - Setting next_dagrun for pipeline to 2025-01-11T09:30:00+00:00, run_after=2025-01-18T09:10:00+00:00
[2025-01-12T13:31:54.335+0000] {processor.py:161} INFO - Processing /opt/airflow/dags/P2M3_dini_anggriyani_DAG.py took 2.012 seconds
[2025-01-12T13:32:25.903+0000] {processor.py:153} INFO - Started process (PID=12563) to work on /opt/airflow/dags/P2M3_dini_anggriyani_DAG.py
[2025-01-12T13:32:25.916+0000] {processor.py:640} INFO - Processing file /opt/airflow/dags/P2M3_dini_anggriyani_DAG.py for tasks to queue
[2025-01-12T13:32:25.923+0000] {logging_mixin.py:115} INFO - [2025-01-12T13:32:25.923+0000] {dagbag.py:508} INFO - Filling up the DagBag from /opt/airflow/dags/P2M3_dini_anggriyani_DAG.py
[2025-01-12T13:32:29.814+0000] {processor.py:650} INFO - DAG(s) dict_keys(['pipeline']) retrieved from /opt/airflow/dags/P2M3_dini_anggriyani_DAG.py
[2025-01-12T13:32:30.185+0000] {logging_mixin.py:115} INFO - [2025-01-12T13:32:30.184+0000] {dag.py:2429} INFO - Sync 1 DAGs
[2025-01-12T13:32:30.458+0000] {logging_mixin.py:115} INFO - [2025-01-12T13:32:30.457+0000] {dag.py:2981} INFO - Setting next_dagrun for pipeline to 2025-01-11T09:30:00+00:00, run_after=2025-01-18T09:10:00+00:00
[2025-01-12T13:32:30.932+0000] {processor.py:161} INFO - Processing /opt/airflow/dags/P2M3_dini_anggriyani_DAG.py took 5.059 seconds
[2025-01-12T13:33:03.356+0000] {processor.py:153} INFO - Started process (PID=12574) to work on /opt/airflow/dags/P2M3_dini_anggriyani_DAG.py
[2025-01-12T13:33:03.369+0000] {processor.py:640} INFO - Processing file /opt/airflow/dags/P2M3_dini_anggriyani_DAG.py for tasks to queue
[2025-01-12T13:33:03.426+0000] {logging_mixin.py:115} INFO - [2025-01-12T13:33:03.426+0000] {dagbag.py:508} INFO - Filling up the DagBag from /opt/airflow/dags/P2M3_dini_anggriyani_DAG.py
[2025-01-12T13:33:10.660+0000] {processor.py:650} INFO - DAG(s) dict_keys(['pipeline']) retrieved from /opt/airflow/dags/P2M3_dini_anggriyani_DAG.py
[2025-01-12T13:33:11.352+0000] {logging_mixin.py:115} INFO - [2025-01-12T13:33:11.350+0000] {dag.py:2429} INFO - Sync 1 DAGs
[2025-01-12T13:33:11.655+0000] {logging_mixin.py:115} INFO - [2025-01-12T13:33:11.655+0000] {dag.py:2981} INFO - Setting next_dagrun for pipeline to 2025-01-11T09:30:00+00:00, run_after=2025-01-18T09:10:00+00:00
[2025-01-12T13:33:11.977+0000] {processor.py:161} INFO - Processing /opt/airflow/dags/P2M3_dini_anggriyani_DAG.py took 8.659 seconds
[2025-01-12T13:33:42.550+0000] {processor.py:153} INFO - Started process (PID=12585) to work on /opt/airflow/dags/P2M3_dini_anggriyani_DAG.py
[2025-01-12T13:33:42.590+0000] {processor.py:640} INFO - Processing file /opt/airflow/dags/P2M3_dini_anggriyani_DAG.py for tasks to queue
[2025-01-12T13:33:42.599+0000] {logging_mixin.py:115} INFO - [2025-01-12T13:33:42.599+0000] {dagbag.py:508} INFO - Filling up the DagBag from /opt/airflow/dags/P2M3_dini_anggriyani_DAG.py
[2025-01-12T13:33:45.407+0000] {processor.py:650} INFO - DAG(s) dict_keys(['pipeline']) retrieved from /opt/airflow/dags/P2M3_dini_anggriyani_DAG.py
[2025-01-12T13:33:45.510+0000] {logging_mixin.py:115} INFO - [2025-01-12T13:33:45.506+0000] {dag.py:2429} INFO - Sync 1 DAGs
[2025-01-12T13:33:45.646+0000] {logging_mixin.py:115} INFO - [2025-01-12T13:33:45.646+0000] {dag.py:2981} INFO - Setting next_dagrun for pipeline to 2025-01-11T09:30:00+00:00, run_after=2025-01-18T09:10:00+00:00
[2025-01-12T13:33:45.708+0000] {processor.py:161} INFO - Processing /opt/airflow/dags/P2M3_dini_anggriyani_DAG.py took 3.166 seconds
[2025-01-12T13:34:15.984+0000] {processor.py:153} INFO - Started process (PID=12601) to work on /opt/airflow/dags/P2M3_dini_anggriyani_DAG.py
[2025-01-12T13:34:15.985+0000] {processor.py:640} INFO - Processing file /opt/airflow/dags/P2M3_dini_anggriyani_DAG.py for tasks to queue
[2025-01-12T13:34:15.987+0000] {logging_mixin.py:115} INFO - [2025-01-12T13:34:15.987+0000] {dagbag.py:508} INFO - Filling up the DagBag from /opt/airflow/dags/P2M3_dini_anggriyani_DAG.py
[2025-01-12T13:34:16.771+0000] {processor.py:650} INFO - DAG(s) dict_keys(['pipeline']) retrieved from /opt/airflow/dags/P2M3_dini_anggriyani_DAG.py
[2025-01-12T13:34:16.818+0000] {logging_mixin.py:115} INFO - [2025-01-12T13:34:16.818+0000] {dag.py:2429} INFO - Sync 1 DAGs
[2025-01-12T13:34:16.857+0000] {logging_mixin.py:115} INFO - [2025-01-12T13:34:16.857+0000] {dag.py:2981} INFO - Setting next_dagrun for pipeline to 2025-01-11T09:30:00+00:00, run_after=2025-01-18T09:10:00+00:00
[2025-01-12T13:34:16.877+0000] {processor.py:161} INFO - Processing /opt/airflow/dags/P2M3_dini_anggriyani_DAG.py took 0.901 seconds
[2025-01-12T13:34:47.097+0000] {processor.py:153} INFO - Started process (PID=12612) to work on /opt/airflow/dags/P2M3_dini_anggriyani_DAG.py
[2025-01-12T13:34:47.100+0000] {processor.py:640} INFO - Processing file /opt/airflow/dags/P2M3_dini_anggriyani_DAG.py for tasks to queue
[2025-01-12T13:34:47.102+0000] {logging_mixin.py:115} INFO - [2025-01-12T13:34:47.102+0000] {dagbag.py:508} INFO - Filling up the DagBag from /opt/airflow/dags/P2M3_dini_anggriyani_DAG.py
[2025-01-12T13:34:48.428+0000] {processor.py:650} INFO - DAG(s) dict_keys(['pipeline']) retrieved from /opt/airflow/dags/P2M3_dini_anggriyani_DAG.py
[2025-01-12T13:34:48.513+0000] {logging_mixin.py:115} INFO - [2025-01-12T13:34:48.512+0000] {dag.py:2429} INFO - Sync 1 DAGs
[2025-01-12T13:34:48.592+0000] {logging_mixin.py:115} INFO - [2025-01-12T13:34:48.591+0000] {dag.py:2981} INFO - Setting next_dagrun for pipeline to 2025-01-11T09:30:00+00:00, run_after=2025-01-18T09:10:00+00:00
[2025-01-12T13:34:48.620+0000] {processor.py:161} INFO - Processing /opt/airflow/dags/P2M3_dini_anggriyani_DAG.py took 1.535 seconds
[2025-01-12T13:35:19.458+0000] {processor.py:153} INFO - Started process (PID=12623) to work on /opt/airflow/dags/P2M3_dini_anggriyani_DAG.py
[2025-01-12T13:35:19.460+0000] {processor.py:640} INFO - Processing file /opt/airflow/dags/P2M3_dini_anggriyani_DAG.py for tasks to queue
[2025-01-12T13:35:19.460+0000] {logging_mixin.py:115} INFO - [2025-01-12T13:35:19.460+0000] {dagbag.py:508} INFO - Filling up the DagBag from /opt/airflow/dags/P2M3_dini_anggriyani_DAG.py
[2025-01-12T13:35:20.273+0000] {processor.py:650} INFO - DAG(s) dict_keys(['pipeline']) retrieved from /opt/airflow/dags/P2M3_dini_anggriyani_DAG.py
[2025-01-12T13:35:20.315+0000] {logging_mixin.py:115} INFO - [2025-01-12T13:35:20.314+0000] {dag.py:2429} INFO - Sync 1 DAGs
[2025-01-12T13:35:20.366+0000] {logging_mixin.py:115} INFO - [2025-01-12T13:35:20.366+0000] {dag.py:2981} INFO - Setting next_dagrun for pipeline to 2025-01-11T09:30:00+00:00, run_after=2025-01-18T09:10:00+00:00
[2025-01-12T13:35:20.398+0000] {processor.py:161} INFO - Processing /opt/airflow/dags/P2M3_dini_anggriyani_DAG.py took 0.942 seconds
[2025-01-12T13:35:50.808+0000] {processor.py:153} INFO - Started process (PID=12634) to work on /opt/airflow/dags/P2M3_dini_anggriyani_DAG.py
[2025-01-12T13:35:50.810+0000] {processor.py:640} INFO - Processing file /opt/airflow/dags/P2M3_dini_anggriyani_DAG.py for tasks to queue
[2025-01-12T13:35:50.811+0000] {logging_mixin.py:115} INFO - [2025-01-12T13:35:50.811+0000] {dagbag.py:508} INFO - Filling up the DagBag from /opt/airflow/dags/P2M3_dini_anggriyani_DAG.py
[2025-01-12T13:35:51.734+0000] {processor.py:650} INFO - DAG(s) dict_keys(['pipeline']) retrieved from /opt/airflow/dags/P2M3_dini_anggriyani_DAG.py
[2025-01-12T13:35:51.763+0000] {logging_mixin.py:115} INFO - [2025-01-12T13:35:51.762+0000] {dag.py:2429} INFO - Sync 1 DAGs
[2025-01-12T13:35:51.797+0000] {logging_mixin.py:115} INFO - [2025-01-12T13:35:51.797+0000] {dag.py:2981} INFO - Setting next_dagrun for pipeline to 2025-01-11T09:30:00+00:00, run_after=2025-01-18T09:10:00+00:00
[2025-01-12T13:35:51.829+0000] {processor.py:161} INFO - Processing /opt/airflow/dags/P2M3_dini_anggriyani_DAG.py took 1.028 seconds
[2025-01-12T13:36:22.069+0000] {processor.py:153} INFO - Started process (PID=12645) to work on /opt/airflow/dags/P2M3_dini_anggriyani_DAG.py
[2025-01-12T13:36:22.071+0000] {processor.py:640} INFO - Processing file /opt/airflow/dags/P2M3_dini_anggriyani_DAG.py for tasks to queue
[2025-01-12T13:36:22.072+0000] {logging_mixin.py:115} INFO - [2025-01-12T13:36:22.072+0000] {dagbag.py:508} INFO - Filling up the DagBag from /opt/airflow/dags/P2M3_dini_anggriyani_DAG.py
[2025-01-12T13:36:22.871+0000] {processor.py:650} INFO - DAG(s) dict_keys(['pipeline']) retrieved from /opt/airflow/dags/P2M3_dini_anggriyani_DAG.py
[2025-01-12T13:36:22.901+0000] {logging_mixin.py:115} INFO - [2025-01-12T13:36:22.901+0000] {dag.py:2429} INFO - Sync 1 DAGs
[2025-01-12T13:36:22.940+0000] {logging_mixin.py:115} INFO - [2025-01-12T13:36:22.940+0000] {dag.py:2981} INFO - Setting next_dagrun for pipeline to 2025-01-11T09:30:00+00:00, run_after=2025-01-18T09:10:00+00:00
[2025-01-12T13:36:22.970+0000] {processor.py:161} INFO - Processing /opt/airflow/dags/P2M3_dini_anggriyani_DAG.py took 0.910 seconds
[2025-01-12T13:36:53.790+0000] {processor.py:153} INFO - Started process (PID=12656) to work on /opt/airflow/dags/P2M3_dini_anggriyani_DAG.py
[2025-01-12T13:36:53.792+0000] {processor.py:640} INFO - Processing file /opt/airflow/dags/P2M3_dini_anggriyani_DAG.py for tasks to queue
[2025-01-12T13:36:53.793+0000] {logging_mixin.py:115} INFO - [2025-01-12T13:36:53.793+0000] {dagbag.py:508} INFO - Filling up the DagBag from /opt/airflow/dags/P2M3_dini_anggriyani_DAG.py
[2025-01-12T13:36:54.550+0000] {processor.py:650} INFO - DAG(s) dict_keys(['pipeline']) retrieved from /opt/airflow/dags/P2M3_dini_anggriyani_DAG.py
[2025-01-12T13:36:54.586+0000] {logging_mixin.py:115} INFO - [2025-01-12T13:36:54.585+0000] {dag.py:2429} INFO - Sync 1 DAGs
[2025-01-12T13:36:54.631+0000] {logging_mixin.py:115} INFO - [2025-01-12T13:36:54.631+0000] {dag.py:2981} INFO - Setting next_dagrun for pipeline to 2025-01-11T09:30:00+00:00, run_after=2025-01-18T09:10:00+00:00
[2025-01-12T13:36:54.664+0000] {processor.py:161} INFO - Processing /opt/airflow/dags/P2M3_dini_anggriyani_DAG.py took 0.878 seconds
[2025-01-12T13:37:24.756+0000] {processor.py:153} INFO - Started process (PID=12667) to work on /opt/airflow/dags/P2M3_dini_anggriyani_DAG.py
[2025-01-12T13:37:24.757+0000] {processor.py:640} INFO - Processing file /opt/airflow/dags/P2M3_dini_anggriyani_DAG.py for tasks to queue
[2025-01-12T13:37:24.759+0000] {logging_mixin.py:115} INFO - [2025-01-12T13:37:24.759+0000] {dagbag.py:508} INFO - Filling up the DagBag from /opt/airflow/dags/P2M3_dini_anggriyani_DAG.py
[2025-01-12T13:37:26.372+0000] {processor.py:650} INFO - DAG(s) dict_keys(['pipeline']) retrieved from /opt/airflow/dags/P2M3_dini_anggriyani_DAG.py
[2025-01-12T13:37:26.419+0000] {logging_mixin.py:115} INFO - [2025-01-12T13:37:26.418+0000] {dag.py:2429} INFO - Sync 1 DAGs
[2025-01-12T13:37:26.487+0000] {logging_mixin.py:115} INFO - [2025-01-12T13:37:26.487+0000] {dag.py:2981} INFO - Setting next_dagrun for pipeline to 2025-01-11T09:30:00+00:00, run_after=2025-01-18T09:10:00+00:00
[2025-01-12T13:37:26.520+0000] {processor.py:161} INFO - Processing /opt/airflow/dags/P2M3_dini_anggriyani_DAG.py took 1.769 seconds
[2025-01-12T13:37:56.887+0000] {processor.py:153} INFO - Started process (PID=12678) to work on /opt/airflow/dags/P2M3_dini_anggriyani_DAG.py
[2025-01-12T13:37:56.888+0000] {processor.py:640} INFO - Processing file /opt/airflow/dags/P2M3_dini_anggriyani_DAG.py for tasks to queue
[2025-01-12T13:37:56.890+0000] {logging_mixin.py:115} INFO - [2025-01-12T13:37:56.889+0000] {dagbag.py:508} INFO - Filling up the DagBag from /opt/airflow/dags/P2M3_dini_anggriyani_DAG.py
[2025-01-12T13:37:57.497+0000] {processor.py:650} INFO - DAG(s) dict_keys(['pipeline']) retrieved from /opt/airflow/dags/P2M3_dini_anggriyani_DAG.py
[2025-01-12T13:37:57.560+0000] {logging_mixin.py:115} INFO - [2025-01-12T13:37:57.559+0000] {dag.py:2429} INFO - Sync 1 DAGs
[2025-01-12T13:37:57.620+0000] {logging_mixin.py:115} INFO - [2025-01-12T13:37:57.620+0000] {dag.py:2981} INFO - Setting next_dagrun for pipeline to 2025-01-11T09:30:00+00:00, run_after=2025-01-18T09:10:00+00:00
[2025-01-12T13:37:57.645+0000] {processor.py:161} INFO - Processing /opt/airflow/dags/P2M3_dini_anggriyani_DAG.py took 0.761 seconds
[2025-01-12T13:38:28.146+0000] {processor.py:153} INFO - Started process (PID=12689) to work on /opt/airflow/dags/P2M3_dini_anggriyani_DAG.py
[2025-01-12T13:38:28.148+0000] {processor.py:640} INFO - Processing file /opt/airflow/dags/P2M3_dini_anggriyani_DAG.py for tasks to queue
[2025-01-12T13:38:28.150+0000] {logging_mixin.py:115} INFO - [2025-01-12T13:38:28.150+0000] {dagbag.py:508} INFO - Filling up the DagBag from /opt/airflow/dags/P2M3_dini_anggriyani_DAG.py
[2025-01-12T13:38:28.980+0000] {processor.py:650} INFO - DAG(s) dict_keys(['pipeline']) retrieved from /opt/airflow/dags/P2M3_dini_anggriyani_DAG.py
[2025-01-12T13:38:29.021+0000] {logging_mixin.py:115} INFO - [2025-01-12T13:38:29.020+0000] {dag.py:2429} INFO - Sync 1 DAGs
[2025-01-12T13:38:29.072+0000] {logging_mixin.py:115} INFO - [2025-01-12T13:38:29.072+0000] {dag.py:2981} INFO - Setting next_dagrun for pipeline to 2025-01-11T09:30:00+00:00, run_after=2025-01-18T09:10:00+00:00
[2025-01-12T13:38:29.098+0000] {processor.py:161} INFO - Processing /opt/airflow/dags/P2M3_dini_anggriyani_DAG.py took 0.962 seconds
[2025-01-12T13:38:59.841+0000] {processor.py:153} INFO - Started process (PID=12700) to work on /opt/airflow/dags/P2M3_dini_anggriyani_DAG.py
[2025-01-12T13:38:59.842+0000] {processor.py:640} INFO - Processing file /opt/airflow/dags/P2M3_dini_anggriyani_DAG.py for tasks to queue
[2025-01-12T13:38:59.843+0000] {logging_mixin.py:115} INFO - [2025-01-12T13:38:59.843+0000] {dagbag.py:508} INFO - Filling up the DagBag from /opt/airflow/dags/P2M3_dini_anggriyani_DAG.py
[2025-01-12T13:39:00.814+0000] {processor.py:650} INFO - DAG(s) dict_keys(['pipeline']) retrieved from /opt/airflow/dags/P2M3_dini_anggriyani_DAG.py
[2025-01-12T13:39:00.845+0000] {logging_mixin.py:115} INFO - [2025-01-12T13:39:00.845+0000] {dag.py:2429} INFO - Sync 1 DAGs
[2025-01-12T13:39:00.888+0000] {logging_mixin.py:115} INFO - [2025-01-12T13:39:00.887+0000] {dag.py:2981} INFO - Setting next_dagrun for pipeline to 2025-01-11T09:30:00+00:00, run_after=2025-01-18T09:10:00+00:00
[2025-01-12T13:39:00.929+0000] {processor.py:161} INFO - Processing /opt/airflow/dags/P2M3_dini_anggriyani_DAG.py took 1.092 seconds
[2025-01-12T13:39:31.912+0000] {processor.py:153} INFO - Started process (PID=12711) to work on /opt/airflow/dags/P2M3_dini_anggriyani_DAG.py
[2025-01-12T13:39:31.914+0000] {processor.py:640} INFO - Processing file /opt/airflow/dags/P2M3_dini_anggriyani_DAG.py for tasks to queue
[2025-01-12T13:39:31.916+0000] {logging_mixin.py:115} INFO - [2025-01-12T13:39:31.916+0000] {dagbag.py:508} INFO - Filling up the DagBag from /opt/airflow/dags/P2M3_dini_anggriyani_DAG.py
[2025-01-12T13:39:33.343+0000] {processor.py:650} INFO - DAG(s) dict_keys(['pipeline']) retrieved from /opt/airflow/dags/P2M3_dini_anggriyani_DAG.py
[2025-01-12T13:39:33.390+0000] {logging_mixin.py:115} INFO - [2025-01-12T13:39:33.389+0000] {dag.py:2429} INFO - Sync 1 DAGs
[2025-01-12T13:39:33.458+0000] {logging_mixin.py:115} INFO - [2025-01-12T13:39:33.458+0000] {dag.py:2981} INFO - Setting next_dagrun for pipeline to 2025-01-11T09:30:00+00:00, run_after=2025-01-18T09:10:00+00:00
[2025-01-12T13:39:33.492+0000] {processor.py:161} INFO - Processing /opt/airflow/dags/P2M3_dini_anggriyani_DAG.py took 1.584 seconds
[2025-01-12T13:40:03.925+0000] {processor.py:153} INFO - Started process (PID=12722) to work on /opt/airflow/dags/P2M3_dini_anggriyani_DAG.py
[2025-01-12T13:40:03.933+0000] {processor.py:640} INFO - Processing file /opt/airflow/dags/P2M3_dini_anggriyani_DAG.py for tasks to queue
[2025-01-12T13:40:03.937+0000] {logging_mixin.py:115} INFO - [2025-01-12T13:40:03.934+0000] {dagbag.py:508} INFO - Filling up the DagBag from /opt/airflow/dags/P2M3_dini_anggriyani_DAG.py
[2025-01-12T13:40:04.792+0000] {processor.py:650} INFO - DAG(s) dict_keys(['pipeline']) retrieved from /opt/airflow/dags/P2M3_dini_anggriyani_DAG.py
[2025-01-12T13:40:04.844+0000] {logging_mixin.py:115} INFO - [2025-01-12T13:40:04.843+0000] {dag.py:2429} INFO - Sync 1 DAGs
[2025-01-12T13:40:04.897+0000] {logging_mixin.py:115} INFO - [2025-01-12T13:40:04.896+0000] {dag.py:2981} INFO - Setting next_dagrun for pipeline to 2025-01-11T09:30:00+00:00, run_after=2025-01-18T09:10:00+00:00
[2025-01-12T13:40:04.918+0000] {processor.py:161} INFO - Processing /opt/airflow/dags/P2M3_dini_anggriyani_DAG.py took 1.004 seconds
[2025-01-12T13:40:35.280+0000] {processor.py:153} INFO - Started process (PID=12733) to work on /opt/airflow/dags/P2M3_dini_anggriyani_DAG.py
[2025-01-12T13:40:35.281+0000] {processor.py:640} INFO - Processing file /opt/airflow/dags/P2M3_dini_anggriyani_DAG.py for tasks to queue
[2025-01-12T13:40:35.283+0000] {logging_mixin.py:115} INFO - [2025-01-12T13:40:35.282+0000] {dagbag.py:508} INFO - Filling up the DagBag from /opt/airflow/dags/P2M3_dini_anggriyani_DAG.py
[2025-01-12T13:40:35.943+0000] {processor.py:650} INFO - DAG(s) dict_keys(['pipeline']) retrieved from /opt/airflow/dags/P2M3_dini_anggriyani_DAG.py
[2025-01-12T13:40:35.973+0000] {logging_mixin.py:115} INFO - [2025-01-12T13:40:35.973+0000] {dag.py:2429} INFO - Sync 1 DAGs
[2025-01-12T13:40:36.012+0000] {logging_mixin.py:115} INFO - [2025-01-12T13:40:36.012+0000] {dag.py:2981} INFO - Setting next_dagrun for pipeline to 2025-01-11T09:30:00+00:00, run_after=2025-01-18T09:10:00+00:00
[2025-01-12T13:40:36.032+0000] {processor.py:161} INFO - Processing /opt/airflow/dags/P2M3_dini_anggriyani_DAG.py took 0.757 seconds
[2025-01-12T13:41:06.160+0000] {processor.py:153} INFO - Started process (PID=12744) to work on /opt/airflow/dags/P2M3_dini_anggriyani_DAG.py
[2025-01-12T13:41:06.161+0000] {processor.py:640} INFO - Processing file /opt/airflow/dags/P2M3_dini_anggriyani_DAG.py for tasks to queue
[2025-01-12T13:41:06.162+0000] {logging_mixin.py:115} INFO - [2025-01-12T13:41:06.162+0000] {dagbag.py:508} INFO - Filling up the DagBag from /opt/airflow/dags/P2M3_dini_anggriyani_DAG.py
[2025-01-12T13:41:06.887+0000] {processor.py:650} INFO - DAG(s) dict_keys(['pipeline']) retrieved from /opt/airflow/dags/P2M3_dini_anggriyani_DAG.py
[2025-01-12T13:41:06.921+0000] {logging_mixin.py:115} INFO - [2025-01-12T13:41:06.920+0000] {dag.py:2429} INFO - Sync 1 DAGs
[2025-01-12T13:41:06.962+0000] {logging_mixin.py:115} INFO - [2025-01-12T13:41:06.961+0000] {dag.py:2981} INFO - Setting next_dagrun for pipeline to 2025-01-11T09:30:00+00:00, run_after=2025-01-18T09:10:00+00:00
[2025-01-12T13:41:06.983+0000] {processor.py:161} INFO - Processing /opt/airflow/dags/P2M3_dini_anggriyani_DAG.py took 0.835 seconds
[2025-01-12T13:41:37.411+0000] {processor.py:153} INFO - Started process (PID=12755) to work on /opt/airflow/dags/P2M3_dini_anggriyani_DAG.py
[2025-01-12T13:41:37.417+0000] {processor.py:640} INFO - Processing file /opt/airflow/dags/P2M3_dini_anggriyani_DAG.py for tasks to queue
[2025-01-12T13:41:37.419+0000] {logging_mixin.py:115} INFO - [2025-01-12T13:41:37.418+0000] {dagbag.py:508} INFO - Filling up the DagBag from /opt/airflow/dags/P2M3_dini_anggriyani_DAG.py
[2025-01-12T13:41:38.383+0000] {processor.py:650} INFO - DAG(s) dict_keys(['pipeline']) retrieved from /opt/airflow/dags/P2M3_dini_anggriyani_DAG.py
[2025-01-12T13:41:38.445+0000] {logging_mixin.py:115} INFO - [2025-01-12T13:41:38.444+0000] {dag.py:2429} INFO - Sync 1 DAGs
[2025-01-12T13:41:38.519+0000] {logging_mixin.py:115} INFO - [2025-01-12T13:41:38.519+0000] {dag.py:2981} INFO - Setting next_dagrun for pipeline to 2025-01-11T09:30:00+00:00, run_after=2025-01-18T09:10:00+00:00
[2025-01-12T13:41:38.546+0000] {processor.py:161} INFO - Processing /opt/airflow/dags/P2M3_dini_anggriyani_DAG.py took 1.140 seconds
[2025-01-12T13:42:09.239+0000] {processor.py:153} INFO - Started process (PID=12766) to work on /opt/airflow/dags/P2M3_dini_anggriyani_DAG.py
[2025-01-12T13:42:09.240+0000] {processor.py:640} INFO - Processing file /opt/airflow/dags/P2M3_dini_anggriyani_DAG.py for tasks to queue
[2025-01-12T13:42:09.241+0000] {logging_mixin.py:115} INFO - [2025-01-12T13:42:09.241+0000] {dagbag.py:508} INFO - Filling up the DagBag from /opt/airflow/dags/P2M3_dini_anggriyani_DAG.py
[2025-01-12T13:42:10.277+0000] {processor.py:650} INFO - DAG(s) dict_keys(['pipeline']) retrieved from /opt/airflow/dags/P2M3_dini_anggriyani_DAG.py
[2025-01-12T13:42:10.353+0000] {logging_mixin.py:115} INFO - [2025-01-12T13:42:10.350+0000] {dag.py:2429} INFO - Sync 1 DAGs
[2025-01-12T13:42:10.421+0000] {logging_mixin.py:115} INFO - [2025-01-12T13:42:10.421+0000] {dag.py:2981} INFO - Setting next_dagrun for pipeline to 2025-01-11T09:30:00+00:00, run_after=2025-01-18T09:10:00+00:00
[2025-01-12T13:42:10.461+0000] {processor.py:161} INFO - Processing /opt/airflow/dags/P2M3_dini_anggriyani_DAG.py took 1.227 seconds
[2025-01-12T13:42:40.745+0000] {processor.py:153} INFO - Started process (PID=12777) to work on /opt/airflow/dags/P2M3_dini_anggriyani_DAG.py
[2025-01-12T13:42:40.746+0000] {processor.py:640} INFO - Processing file /opt/airflow/dags/P2M3_dini_anggriyani_DAG.py for tasks to queue
[2025-01-12T13:42:40.748+0000] {logging_mixin.py:115} INFO - [2025-01-12T13:42:40.748+0000] {dagbag.py:508} INFO - Filling up the DagBag from /opt/airflow/dags/P2M3_dini_anggriyani_DAG.py
[2025-01-12T13:42:41.389+0000] {processor.py:650} INFO - DAG(s) dict_keys(['pipeline']) retrieved from /opt/airflow/dags/P2M3_dini_anggriyani_DAG.py
[2025-01-12T13:42:41.419+0000] {logging_mixin.py:115} INFO - [2025-01-12T13:42:41.418+0000] {dag.py:2429} INFO - Sync 1 DAGs
[2025-01-12T13:42:41.466+0000] {logging_mixin.py:115} INFO - [2025-01-12T13:42:41.466+0000] {dag.py:2981} INFO - Setting next_dagrun for pipeline to 2025-01-11T09:30:00+00:00, run_after=2025-01-18T09:10:00+00:00
[2025-01-12T13:42:41.489+0000] {processor.py:161} INFO - Processing /opt/airflow/dags/P2M3_dini_anggriyani_DAG.py took 0.748 seconds
[2025-01-12T13:43:12.175+0000] {processor.py:153} INFO - Started process (PID=12788) to work on /opt/airflow/dags/P2M3_dini_anggriyani_DAG.py
[2025-01-12T13:43:12.176+0000] {processor.py:640} INFO - Processing file /opt/airflow/dags/P2M3_dini_anggriyani_DAG.py for tasks to queue
[2025-01-12T13:43:12.177+0000] {logging_mixin.py:115} INFO - [2025-01-12T13:43:12.177+0000] {dagbag.py:508} INFO - Filling up the DagBag from /opt/airflow/dags/P2M3_dini_anggriyani_DAG.py
[2025-01-12T13:43:12.966+0000] {processor.py:650} INFO - DAG(s) dict_keys(['pipeline']) retrieved from /opt/airflow/dags/P2M3_dini_anggriyani_DAG.py
[2025-01-12T13:43:12.995+0000] {logging_mixin.py:115} INFO - [2025-01-12T13:43:12.994+0000] {dag.py:2429} INFO - Sync 1 DAGs
[2025-01-12T13:43:13.033+0000] {logging_mixin.py:115} INFO - [2025-01-12T13:43:13.033+0000] {dag.py:2981} INFO - Setting next_dagrun for pipeline to 2025-01-11T09:30:00+00:00, run_after=2025-01-18T09:10:00+00:00
[2025-01-12T13:43:13.051+0000] {processor.py:161} INFO - Processing /opt/airflow/dags/P2M3_dini_anggriyani_DAG.py took 0.881 seconds
[2025-01-12T13:43:43.655+0000] {processor.py:153} INFO - Started process (PID=12799) to work on /opt/airflow/dags/P2M3_dini_anggriyani_DAG.py
[2025-01-12T13:43:43.656+0000] {processor.py:640} INFO - Processing file /opt/airflow/dags/P2M3_dini_anggriyani_DAG.py for tasks to queue
[2025-01-12T13:43:43.657+0000] {logging_mixin.py:115} INFO - [2025-01-12T13:43:43.657+0000] {dagbag.py:508} INFO - Filling up the DagBag from /opt/airflow/dags/P2M3_dini_anggriyani_DAG.py
[2025-01-12T13:43:44.600+0000] {processor.py:650} INFO - DAG(s) dict_keys(['pipeline']) retrieved from /opt/airflow/dags/P2M3_dini_anggriyani_DAG.py
[2025-01-12T13:43:44.641+0000] {logging_mixin.py:115} INFO - [2025-01-12T13:43:44.640+0000] {dag.py:2429} INFO - Sync 1 DAGs
[2025-01-12T13:43:44.707+0000] {logging_mixin.py:115} INFO - [2025-01-12T13:43:44.707+0000] {dag.py:2981} INFO - Setting next_dagrun for pipeline to 2025-01-11T09:30:00+00:00, run_after=2025-01-18T09:10:00+00:00
[2025-01-12T13:43:44.747+0000] {processor.py:161} INFO - Processing /opt/airflow/dags/P2M3_dini_anggriyani_DAG.py took 1.096 seconds
[2025-01-12T13:44:14.960+0000] {processor.py:153} INFO - Started process (PID=12810) to work on /opt/airflow/dags/P2M3_dini_anggriyani_DAG.py
[2025-01-12T13:44:14.961+0000] {processor.py:640} INFO - Processing file /opt/airflow/dags/P2M3_dini_anggriyani_DAG.py for tasks to queue
[2025-01-12T13:44:14.962+0000] {logging_mixin.py:115} INFO - [2025-01-12T13:44:14.962+0000] {dagbag.py:508} INFO - Filling up the DagBag from /opt/airflow/dags/P2M3_dini_anggriyani_DAG.py
[2025-01-12T13:44:15.751+0000] {processor.py:650} INFO - DAG(s) dict_keys(['pipeline']) retrieved from /opt/airflow/dags/P2M3_dini_anggriyani_DAG.py
[2025-01-12T13:44:15.791+0000] {logging_mixin.py:115} INFO - [2025-01-12T13:44:15.790+0000] {dag.py:2429} INFO - Sync 1 DAGs
[2025-01-12T13:44:15.842+0000] {logging_mixin.py:115} INFO - [2025-01-12T13:44:15.842+0000] {dag.py:2981} INFO - Setting next_dagrun for pipeline to 2025-01-11T09:30:00+00:00, run_after=2025-01-18T09:10:00+00:00
[2025-01-12T13:44:15.873+0000] {processor.py:161} INFO - Processing /opt/airflow/dags/P2M3_dini_anggriyani_DAG.py took 0.916 seconds
[2025-01-12T13:44:46.180+0000] {processor.py:153} INFO - Started process (PID=12821) to work on /opt/airflow/dags/P2M3_dini_anggriyani_DAG.py
[2025-01-12T13:44:46.182+0000] {processor.py:640} INFO - Processing file /opt/airflow/dags/P2M3_dini_anggriyani_DAG.py for tasks to queue
[2025-01-12T13:44:46.185+0000] {logging_mixin.py:115} INFO - [2025-01-12T13:44:46.184+0000] {dagbag.py:508} INFO - Filling up the DagBag from /opt/airflow/dags/P2M3_dini_anggriyani_DAG.py
[2025-01-12T13:44:47.153+0000] {processor.py:650} INFO - DAG(s) dict_keys(['pipeline']) retrieved from /opt/airflow/dags/P2M3_dini_anggriyani_DAG.py
[2025-01-12T13:44:47.213+0000] {logging_mixin.py:115} INFO - [2025-01-12T13:44:47.212+0000] {dag.py:2429} INFO - Sync 1 DAGs
[2025-01-12T13:44:47.248+0000] {logging_mixin.py:115} INFO - [2025-01-12T13:44:47.248+0000] {dag.py:2981} INFO - Setting next_dagrun for pipeline to 2025-01-11T09:30:00+00:00, run_after=2025-01-18T09:10:00+00:00
[2025-01-12T13:44:47.268+0000] {processor.py:161} INFO - Processing /opt/airflow/dags/P2M3_dini_anggriyani_DAG.py took 1.100 seconds
[2025-01-12T13:45:17.493+0000] {processor.py:153} INFO - Started process (PID=12832) to work on /opt/airflow/dags/P2M3_dini_anggriyani_DAG.py
[2025-01-12T13:45:17.499+0000] {processor.py:640} INFO - Processing file /opt/airflow/dags/P2M3_dini_anggriyani_DAG.py for tasks to queue
[2025-01-12T13:45:17.500+0000] {logging_mixin.py:115} INFO - [2025-01-12T13:45:17.500+0000] {dagbag.py:508} INFO - Filling up the DagBag from /opt/airflow/dags/P2M3_dini_anggriyani_DAG.py
[2025-01-12T13:45:18.595+0000] {processor.py:650} INFO - DAG(s) dict_keys(['pipeline']) retrieved from /opt/airflow/dags/P2M3_dini_anggriyani_DAG.py
[2025-01-12T13:45:18.642+0000] {logging_mixin.py:115} INFO - [2025-01-12T13:45:18.641+0000] {dag.py:2429} INFO - Sync 1 DAGs
[2025-01-12T13:45:18.679+0000] {logging_mixin.py:115} INFO - [2025-01-12T13:45:18.679+0000] {dag.py:2981} INFO - Setting next_dagrun for pipeline to 2025-01-11T09:30:00+00:00, run_after=2025-01-18T09:10:00+00:00
[2025-01-12T13:45:18.704+0000] {processor.py:161} INFO - Processing /opt/airflow/dags/P2M3_dini_anggriyani_DAG.py took 1.215 seconds
[2025-01-12T13:45:48.995+0000] {processor.py:153} INFO - Started process (PID=12843) to work on /opt/airflow/dags/P2M3_dini_anggriyani_DAG.py
[2025-01-12T13:45:48.996+0000] {processor.py:640} INFO - Processing file /opt/airflow/dags/P2M3_dini_anggriyani_DAG.py for tasks to queue
[2025-01-12T13:45:48.997+0000] {logging_mixin.py:115} INFO - [2025-01-12T13:45:48.997+0000] {dagbag.py:508} INFO - Filling up the DagBag from /opt/airflow/dags/P2M3_dini_anggriyani_DAG.py
[2025-01-12T13:45:49.686+0000] {processor.py:650} INFO - DAG(s) dict_keys(['pipeline']) retrieved from /opt/airflow/dags/P2M3_dini_anggriyani_DAG.py
[2025-01-12T13:45:49.715+0000] {logging_mixin.py:115} INFO - [2025-01-12T13:45:49.715+0000] {dag.py:2429} INFO - Sync 1 DAGs
[2025-01-12T13:45:49.749+0000] {logging_mixin.py:115} INFO - [2025-01-12T13:45:49.749+0000] {dag.py:2981} INFO - Setting next_dagrun for pipeline to 2025-01-11T09:30:00+00:00, run_after=2025-01-18T09:10:00+00:00
[2025-01-12T13:45:49.770+0000] {processor.py:161} INFO - Processing /opt/airflow/dags/P2M3_dini_anggriyani_DAG.py took 0.779 seconds
[2025-01-12T13:46:20.299+0000] {processor.py:153} INFO - Started process (PID=12854) to work on /opt/airflow/dags/P2M3_dini_anggriyani_DAG.py
[2025-01-12T13:46:20.300+0000] {processor.py:640} INFO - Processing file /opt/airflow/dags/P2M3_dini_anggriyani_DAG.py for tasks to queue
[2025-01-12T13:46:20.301+0000] {logging_mixin.py:115} INFO - [2025-01-12T13:46:20.301+0000] {dagbag.py:508} INFO - Filling up the DagBag from /opt/airflow/dags/P2M3_dini_anggriyani_DAG.py
[2025-01-12T13:46:21.150+0000] {processor.py:650} INFO - DAG(s) dict_keys(['pipeline']) retrieved from /opt/airflow/dags/P2M3_dini_anggriyani_DAG.py
[2025-01-12T13:46:21.205+0000] {logging_mixin.py:115} INFO - [2025-01-12T13:46:21.204+0000] {dag.py:2429} INFO - Sync 1 DAGs
[2025-01-12T13:46:21.272+0000] {logging_mixin.py:115} INFO - [2025-01-12T13:46:21.271+0000] {dag.py:2981} INFO - Setting next_dagrun for pipeline to 2025-01-11T09:30:00+00:00, run_after=2025-01-18T09:10:00+00:00
[2025-01-12T13:46:21.315+0000] {processor.py:161} INFO - Processing /opt/airflow/dags/P2M3_dini_anggriyani_DAG.py took 1.020 seconds
[2025-01-12T13:46:51.566+0000] {processor.py:153} INFO - Started process (PID=12865) to work on /opt/airflow/dags/P2M3_dini_anggriyani_DAG.py
[2025-01-12T13:46:51.567+0000] {processor.py:640} INFO - Processing file /opt/airflow/dags/P2M3_dini_anggriyani_DAG.py for tasks to queue
[2025-01-12T13:46:51.568+0000] {logging_mixin.py:115} INFO - [2025-01-12T13:46:51.568+0000] {dagbag.py:508} INFO - Filling up the DagBag from /opt/airflow/dags/P2M3_dini_anggriyani_DAG.py
[2025-01-12T13:46:52.608+0000] {processor.py:650} INFO - DAG(s) dict_keys(['pipeline']) retrieved from /opt/airflow/dags/P2M3_dini_anggriyani_DAG.py
[2025-01-12T13:46:52.654+0000] {logging_mixin.py:115} INFO - [2025-01-12T13:46:52.653+0000] {dag.py:2429} INFO - Sync 1 DAGs
[2025-01-12T13:46:52.717+0000] {logging_mixin.py:115} INFO - [2025-01-12T13:46:52.716+0000] {dag.py:2981} INFO - Setting next_dagrun for pipeline to 2025-01-11T09:30:00+00:00, run_after=2025-01-18T09:10:00+00:00
[2025-01-12T13:46:52.759+0000] {processor.py:161} INFO - Processing /opt/airflow/dags/P2M3_dini_anggriyani_DAG.py took 1.196 seconds
[2025-01-12T13:47:23.015+0000] {processor.py:153} INFO - Started process (PID=12876) to work on /opt/airflow/dags/P2M3_dini_anggriyani_DAG.py
[2025-01-12T13:47:23.016+0000] {processor.py:640} INFO - Processing file /opt/airflow/dags/P2M3_dini_anggriyani_DAG.py for tasks to queue
[2025-01-12T13:47:23.018+0000] {logging_mixin.py:115} INFO - [2025-01-12T13:47:23.018+0000] {dagbag.py:508} INFO - Filling up the DagBag from /opt/airflow/dags/P2M3_dini_anggriyani_DAG.py
[2025-01-12T13:47:23.773+0000] {processor.py:650} INFO - DAG(s) dict_keys(['pipeline']) retrieved from /opt/airflow/dags/P2M3_dini_anggriyani_DAG.py
[2025-01-12T13:47:23.803+0000] {logging_mixin.py:115} INFO - [2025-01-12T13:47:23.802+0000] {dag.py:2429} INFO - Sync 1 DAGs
[2025-01-12T13:47:23.840+0000] {logging_mixin.py:115} INFO - [2025-01-12T13:47:23.840+0000] {dag.py:2981} INFO - Setting next_dagrun for pipeline to 2025-01-11T09:30:00+00:00, run_after=2025-01-18T09:10:00+00:00
[2025-01-12T13:47:23.871+0000] {processor.py:161} INFO - Processing /opt/airflow/dags/P2M3_dini_anggriyani_DAG.py took 0.861 seconds
[2025-01-12T13:47:54.348+0000] {processor.py:153} INFO - Started process (PID=12887) to work on /opt/airflow/dags/P2M3_dini_anggriyani_DAG.py
[2025-01-12T13:47:54.349+0000] {processor.py:640} INFO - Processing file /opt/airflow/dags/P2M3_dini_anggriyani_DAG.py for tasks to queue
[2025-01-12T13:47:54.350+0000] {logging_mixin.py:115} INFO - [2025-01-12T13:47:54.350+0000] {dagbag.py:508} INFO - Filling up the DagBag from /opt/airflow/dags/P2M3_dini_anggriyani_DAG.py
[2025-01-12T13:47:55.534+0000] {processor.py:650} INFO - DAG(s) dict_keys(['pipeline']) retrieved from /opt/airflow/dags/P2M3_dini_anggriyani_DAG.py
[2025-01-12T13:47:55.567+0000] {logging_mixin.py:115} INFO - [2025-01-12T13:47:55.567+0000] {dag.py:2429} INFO - Sync 1 DAGs
[2025-01-12T13:47:55.605+0000] {logging_mixin.py:115} INFO - [2025-01-12T13:47:55.604+0000] {dag.py:2981} INFO - Setting next_dagrun for pipeline to 2025-01-11T09:30:00+00:00, run_after=2025-01-18T09:10:00+00:00
[2025-01-12T13:47:55.627+0000] {processor.py:161} INFO - Processing /opt/airflow/dags/P2M3_dini_anggriyani_DAG.py took 1.283 seconds
[2025-01-12T13:48:25.825+0000] {processor.py:153} INFO - Started process (PID=12898) to work on /opt/airflow/dags/P2M3_dini_anggriyani_DAG.py
[2025-01-12T13:48:25.827+0000] {processor.py:640} INFO - Processing file /opt/airflow/dags/P2M3_dini_anggriyani_DAG.py for tasks to queue
[2025-01-12T13:48:25.828+0000] {logging_mixin.py:115} INFO - [2025-01-12T13:48:25.828+0000] {dagbag.py:508} INFO - Filling up the DagBag from /opt/airflow/dags/P2M3_dini_anggriyani_DAG.py
[2025-01-12T13:48:26.501+0000] {processor.py:650} INFO - DAG(s) dict_keys(['pipeline']) retrieved from /opt/airflow/dags/P2M3_dini_anggriyani_DAG.py
[2025-01-12T13:48:26.537+0000] {logging_mixin.py:115} INFO - [2025-01-12T13:48:26.536+0000] {dag.py:2429} INFO - Sync 1 DAGs
[2025-01-12T13:48:26.582+0000] {logging_mixin.py:115} INFO - [2025-01-12T13:48:26.582+0000] {dag.py:2981} INFO - Setting next_dagrun for pipeline to 2025-01-11T09:30:00+00:00, run_after=2025-01-18T09:10:00+00:00
[2025-01-12T13:48:26.611+0000] {processor.py:161} INFO - Processing /opt/airflow/dags/P2M3_dini_anggriyani_DAG.py took 0.791 seconds
[2025-01-12T13:48:56.832+0000] {processor.py:153} INFO - Started process (PID=12909) to work on /opt/airflow/dags/P2M3_dini_anggriyani_DAG.py
[2025-01-12T13:48:56.833+0000] {processor.py:640} INFO - Processing file /opt/airflow/dags/P2M3_dini_anggriyani_DAG.py for tasks to queue
[2025-01-12T13:48:56.835+0000] {logging_mixin.py:115} INFO - [2025-01-12T13:48:56.834+0000] {dagbag.py:508} INFO - Filling up the DagBag from /opt/airflow/dags/P2M3_dini_anggriyani_DAG.py
[2025-01-12T13:48:57.406+0000] {processor.py:650} INFO - DAG(s) dict_keys(['pipeline']) retrieved from /opt/airflow/dags/P2M3_dini_anggriyani_DAG.py
[2025-01-12T13:48:57.437+0000] {logging_mixin.py:115} INFO - [2025-01-12T13:48:57.436+0000] {dag.py:2429} INFO - Sync 1 DAGs
[2025-01-12T13:48:57.472+0000] {logging_mixin.py:115} INFO - [2025-01-12T13:48:57.472+0000] {dag.py:2981} INFO - Setting next_dagrun for pipeline to 2025-01-11T09:30:00+00:00, run_after=2025-01-18T09:10:00+00:00
[2025-01-12T13:48:57.496+0000] {processor.py:161} INFO - Processing /opt/airflow/dags/P2M3_dini_anggriyani_DAG.py took 0.668 seconds
[2025-01-12T13:49:28.195+0000] {processor.py:153} INFO - Started process (PID=12920) to work on /opt/airflow/dags/P2M3_dini_anggriyani_DAG.py
[2025-01-12T13:49:28.196+0000] {processor.py:640} INFO - Processing file /opt/airflow/dags/P2M3_dini_anggriyani_DAG.py for tasks to queue
[2025-01-12T13:49:28.197+0000] {logging_mixin.py:115} INFO - [2025-01-12T13:49:28.197+0000] {dagbag.py:508} INFO - Filling up the DagBag from /opt/airflow/dags/P2M3_dini_anggriyani_DAG.py
[2025-01-12T13:49:28.976+0000] {processor.py:650} INFO - DAG(s) dict_keys(['pipeline']) retrieved from /opt/airflow/dags/P2M3_dini_anggriyani_DAG.py
[2025-01-12T13:49:29.033+0000] {logging_mixin.py:115} INFO - [2025-01-12T13:49:29.032+0000] {dag.py:2429} INFO - Sync 1 DAGs
[2025-01-12T13:49:29.096+0000] {logging_mixin.py:115} INFO - [2025-01-12T13:49:29.095+0000] {dag.py:2981} INFO - Setting next_dagrun for pipeline to 2025-01-11T09:30:00+00:00, run_after=2025-01-18T09:10:00+00:00
[2025-01-12T13:49:29.140+0000] {processor.py:161} INFO - Processing /opt/airflow/dags/P2M3_dini_anggriyani_DAG.py took 0.951 seconds
[2025-01-12T13:49:59.434+0000] {processor.py:153} INFO - Started process (PID=12931) to work on /opt/airflow/dags/P2M3_dini_anggriyani_DAG.py
[2025-01-12T13:49:59.435+0000] {processor.py:640} INFO - Processing file /opt/airflow/dags/P2M3_dini_anggriyani_DAG.py for tasks to queue
[2025-01-12T13:49:59.436+0000] {logging_mixin.py:115} INFO - [2025-01-12T13:49:59.436+0000] {dagbag.py:508} INFO - Filling up the DagBag from /opt/airflow/dags/P2M3_dini_anggriyani_DAG.py
[2025-01-12T13:50:00.427+0000] {processor.py:650} INFO - DAG(s) dict_keys(['pipeline']) retrieved from /opt/airflow/dags/P2M3_dini_anggriyani_DAG.py
[2025-01-12T13:50:00.462+0000] {logging_mixin.py:115} INFO - [2025-01-12T13:50:00.461+0000] {dag.py:2429} INFO - Sync 1 DAGs
[2025-01-12T13:50:00.503+0000] {logging_mixin.py:115} INFO - [2025-01-12T13:50:00.503+0000] {dag.py:2981} INFO - Setting next_dagrun for pipeline to 2025-01-11T09:30:00+00:00, run_after=2025-01-18T09:10:00+00:00
[2025-01-12T13:50:00.530+0000] {processor.py:161} INFO - Processing /opt/airflow/dags/P2M3_dini_anggriyani_DAG.py took 1.102 seconds
[2025-01-12T13:50:30.791+0000] {processor.py:153} INFO - Started process (PID=12942) to work on /opt/airflow/dags/P2M3_dini_anggriyani_DAG.py
[2025-01-12T13:50:30.792+0000] {processor.py:640} INFO - Processing file /opt/airflow/dags/P2M3_dini_anggriyani_DAG.py for tasks to queue
[2025-01-12T13:50:30.794+0000] {logging_mixin.py:115} INFO - [2025-01-12T13:50:30.794+0000] {dagbag.py:508} INFO - Filling up the DagBag from /opt/airflow/dags/P2M3_dini_anggriyani_DAG.py
[2025-01-12T13:50:31.455+0000] {processor.py:650} INFO - DAG(s) dict_keys(['pipeline']) retrieved from /opt/airflow/dags/P2M3_dini_anggriyani_DAG.py
[2025-01-12T13:50:31.483+0000] {logging_mixin.py:115} INFO - [2025-01-12T13:50:31.482+0000] {dag.py:2429} INFO - Sync 1 DAGs
[2025-01-12T13:50:31.514+0000] {logging_mixin.py:115} INFO - [2025-01-12T13:50:31.514+0000] {dag.py:2981} INFO - Setting next_dagrun for pipeline to 2025-01-11T09:30:00+00:00, run_after=2025-01-18T09:10:00+00:00
[2025-01-12T13:50:31.543+0000] {processor.py:161} INFO - Processing /opt/airflow/dags/P2M3_dini_anggriyani_DAG.py took 0.757 seconds
[2025-01-12T13:51:02.662+0000] {processor.py:153} INFO - Started process (PID=12953) to work on /opt/airflow/dags/P2M3_dini_anggriyani_DAG.py
[2025-01-12T13:51:02.711+0000] {processor.py:640} INFO - Processing file /opt/airflow/dags/P2M3_dini_anggriyani_DAG.py for tasks to queue
[2025-01-12T13:51:02.747+0000] {logging_mixin.py:115} INFO - [2025-01-12T13:51:02.747+0000] {dagbag.py:508} INFO - Filling up the DagBag from /opt/airflow/dags/P2M3_dini_anggriyani_DAG.py
[2025-01-12T13:51:09.345+0000] {processor.py:650} INFO - DAG(s) dict_keys(['pipeline']) retrieved from /opt/airflow/dags/P2M3_dini_anggriyani_DAG.py
[2025-01-12T13:51:09.479+0000] {logging_mixin.py:115} INFO - [2025-01-12T13:51:09.478+0000] {dag.py:2429} INFO - Sync 1 DAGs
[2025-01-12T13:51:09.617+0000] {logging_mixin.py:115} INFO - [2025-01-12T13:51:09.616+0000] {dag.py:2981} INFO - Setting next_dagrun for pipeline to 2025-01-11T09:30:00+00:00, run_after=2025-01-18T09:10:00+00:00
[2025-01-12T13:51:09.787+0000] {processor.py:161} INFO - Processing /opt/airflow/dags/P2M3_dini_anggriyani_DAG.py took 7.258 seconds
[2025-01-12T13:51:40.297+0000] {processor.py:153} INFO - Started process (PID=12969) to work on /opt/airflow/dags/P2M3_dini_anggriyani_DAG.py
[2025-01-12T13:51:40.299+0000] {processor.py:640} INFO - Processing file /opt/airflow/dags/P2M3_dini_anggriyani_DAG.py for tasks to queue
[2025-01-12T13:51:40.301+0000] {logging_mixin.py:115} INFO - [2025-01-12T13:51:40.300+0000] {dagbag.py:508} INFO - Filling up the DagBag from /opt/airflow/dags/P2M3_dini_anggriyani_DAG.py
[2025-01-12T13:51:41.169+0000] {processor.py:650} INFO - DAG(s) dict_keys(['pipeline']) retrieved from /opt/airflow/dags/P2M3_dini_anggriyani_DAG.py
[2025-01-12T13:51:41.221+0000] {logging_mixin.py:115} INFO - [2025-01-12T13:51:41.219+0000] {dag.py:2429} INFO - Sync 1 DAGs
[2025-01-12T13:51:41.270+0000] {logging_mixin.py:115} INFO - [2025-01-12T13:51:41.270+0000] {dag.py:2981} INFO - Setting next_dagrun for pipeline to 2025-01-11T09:30:00+00:00, run_after=2025-01-18T09:10:00+00:00
[2025-01-12T13:51:41.323+0000] {processor.py:161} INFO - Processing /opt/airflow/dags/P2M3_dini_anggriyani_DAG.py took 1.030 seconds
[2025-01-12T14:54:10.173+0000] {processor.py:153} INFO - Started process (PID=247) to work on /opt/airflow/dags/P2M3_dini_anggriyani_DAG.py
[2025-01-12T14:54:10.235+0000] {processor.py:640} INFO - Processing file /opt/airflow/dags/P2M3_dini_anggriyani_DAG.py for tasks to queue
[2025-01-12T14:54:10.270+0000] {logging_mixin.py:115} INFO - [2025-01-12T14:54:10.270+0000] {dagbag.py:508} INFO - Filling up the DagBag from /opt/airflow/dags/P2M3_dini_anggriyani_DAG.py
[2025-01-12T14:54:13.884+0000] {processor.py:650} INFO - DAG(s) dict_keys(['pipeline']) retrieved from /opt/airflow/dags/P2M3_dini_anggriyani_DAG.py
[2025-01-12T14:54:13.955+0000] {logging_mixin.py:115} INFO - [2025-01-12T14:54:13.954+0000] {dag.py:2429} INFO - Sync 1 DAGs
[2025-01-12T14:54:14.022+0000] {logging_mixin.py:115} INFO - [2025-01-12T14:54:14.022+0000] {dag.py:2981} INFO - Setting next_dagrun for pipeline to 2025-01-11T09:30:00+00:00, run_after=2025-01-18T09:10:00+00:00
[2025-01-12T14:54:14.071+0000] {processor.py:161} INFO - Processing /opt/airflow/dags/P2M3_dini_anggriyani_DAG.py took 3.936 seconds
[2025-01-12T14:54:44.645+0000] {processor.py:153} INFO - Started process (PID=264) to work on /opt/airflow/dags/P2M3_dini_anggriyani_DAG.py
[2025-01-12T14:54:44.650+0000] {processor.py:640} INFO - Processing file /opt/airflow/dags/P2M3_dini_anggriyani_DAG.py for tasks to queue
[2025-01-12T14:54:44.653+0000] {logging_mixin.py:115} INFO - [2025-01-12T14:54:44.653+0000] {dagbag.py:508} INFO - Filling up the DagBag from /opt/airflow/dags/P2M3_dini_anggriyani_DAG.py
[2025-01-12T14:54:51.729+0000] {processor.py:650} INFO - DAG(s) dict_keys(['pipeline']) retrieved from /opt/airflow/dags/P2M3_dini_anggriyani_DAG.py
[2025-01-12T14:54:51.850+0000] {logging_mixin.py:115} INFO - [2025-01-12T14:54:51.848+0000] {dag.py:2429} INFO - Sync 1 DAGs
[2025-01-12T14:54:52.000+0000] {logging_mixin.py:115} INFO - [2025-01-12T14:54:51.999+0000] {dag.py:2981} INFO - Setting next_dagrun for pipeline to 2025-01-11T09:30:00+00:00, run_after=2025-01-18T09:10:00+00:00
[2025-01-12T14:54:52.080+0000] {processor.py:161} INFO - Processing /opt/airflow/dags/P2M3_dini_anggriyani_DAG.py took 7.452 seconds
[2025-01-12T14:55:22.496+0000] {processor.py:153} INFO - Started process (PID=275) to work on /opt/airflow/dags/P2M3_dini_anggriyani_DAG.py
[2025-01-12T14:55:22.507+0000] {processor.py:640} INFO - Processing file /opt/airflow/dags/P2M3_dini_anggriyani_DAG.py for tasks to queue
[2025-01-12T14:55:22.513+0000] {logging_mixin.py:115} INFO - [2025-01-12T14:55:22.512+0000] {dagbag.py:508} INFO - Filling up the DagBag from /opt/airflow/dags/P2M3_dini_anggriyani_DAG.py
[2025-01-12T14:55:25.971+0000] {processor.py:650} INFO - DAG(s) dict_keys(['pipeline']) retrieved from /opt/airflow/dags/P2M3_dini_anggriyani_DAG.py
[2025-01-12T14:55:26.029+0000] {logging_mixin.py:115} INFO - [2025-01-12T14:55:26.028+0000] {dag.py:2429} INFO - Sync 1 DAGs
[2025-01-12T14:55:26.102+0000] {logging_mixin.py:115} INFO - [2025-01-12T14:55:26.101+0000] {dag.py:2981} INFO - Setting next_dagrun for pipeline to 2025-01-11T09:30:00+00:00, run_after=2025-01-18T09:10:00+00:00
[2025-01-12T14:55:26.197+0000] {processor.py:161} INFO - Processing /opt/airflow/dags/P2M3_dini_anggriyani_DAG.py took 3.715 seconds
[2025-01-12T14:55:56.869+0000] {processor.py:153} INFO - Started process (PID=286) to work on /opt/airflow/dags/P2M3_dini_anggriyani_DAG.py
[2025-01-12T14:55:56.872+0000] {processor.py:640} INFO - Processing file /opt/airflow/dags/P2M3_dini_anggriyani_DAG.py for tasks to queue
[2025-01-12T14:55:56.874+0000] {logging_mixin.py:115} INFO - [2025-01-12T14:55:56.873+0000] {dagbag.py:508} INFO - Filling up the DagBag from /opt/airflow/dags/P2M3_dini_anggriyani_DAG.py
[2025-01-12T14:55:58.800+0000] {processor.py:650} INFO - DAG(s) dict_keys(['pipeline']) retrieved from /opt/airflow/dags/P2M3_dini_anggriyani_DAG.py
[2025-01-12T14:55:58.891+0000] {logging_mixin.py:115} INFO - [2025-01-12T14:55:58.889+0000] {dag.py:2429} INFO - Sync 1 DAGs
[2025-01-12T14:55:58.995+0000] {logging_mixin.py:115} INFO - [2025-01-12T14:55:58.995+0000] {dag.py:2981} INFO - Setting next_dagrun for pipeline to 2025-01-11T09:30:00+00:00, run_after=2025-01-18T09:10:00+00:00
[2025-01-12T14:55:59.069+0000] {processor.py:161} INFO - Processing /opt/airflow/dags/P2M3_dini_anggriyani_DAG.py took 2.206 seconds
[2025-01-12T14:56:29.827+0000] {processor.py:153} INFO - Started process (PID=297) to work on /opt/airflow/dags/P2M3_dini_anggriyani_DAG.py
[2025-01-12T14:56:29.845+0000] {processor.py:640} INFO - Processing file /opt/airflow/dags/P2M3_dini_anggriyani_DAG.py for tasks to queue
[2025-01-12T14:56:29.848+0000] {logging_mixin.py:115} INFO - [2025-01-12T14:56:29.848+0000] {dagbag.py:508} INFO - Filling up the DagBag from /opt/airflow/dags/P2M3_dini_anggriyani_DAG.py
[2025-01-12T14:56:33.510+0000] {processor.py:650} INFO - DAG(s) dict_keys(['pipeline']) retrieved from /opt/airflow/dags/P2M3_dini_anggriyani_DAG.py
[2025-01-12T14:56:33.664+0000] {logging_mixin.py:115} INFO - [2025-01-12T14:56:33.662+0000] {dag.py:2429} INFO - Sync 1 DAGs
[2025-01-12T14:56:33.801+0000] {logging_mixin.py:115} INFO - [2025-01-12T14:56:33.801+0000] {dag.py:2981} INFO - Setting next_dagrun for pipeline to 2025-01-11T09:30:00+00:00, run_after=2025-01-18T09:10:00+00:00
[2025-01-12T14:56:33.954+0000] {processor.py:161} INFO - Processing /opt/airflow/dags/P2M3_dini_anggriyani_DAG.py took 4.153 seconds
[2025-01-12T14:57:04.264+0000] {processor.py:153} INFO - Started process (PID=308) to work on /opt/airflow/dags/P2M3_dini_anggriyani_DAG.py
[2025-01-12T14:57:04.267+0000] {processor.py:640} INFO - Processing file /opt/airflow/dags/P2M3_dini_anggriyani_DAG.py for tasks to queue
[2025-01-12T14:57:04.270+0000] {logging_mixin.py:115} INFO - [2025-01-12T14:57:04.269+0000] {dagbag.py:508} INFO - Filling up the DagBag from /opt/airflow/dags/P2M3_dini_anggriyani_DAG.py
[2025-01-12T14:57:06.425+0000] {processor.py:650} INFO - DAG(s) dict_keys(['pipeline']) retrieved from /opt/airflow/dags/P2M3_dini_anggriyani_DAG.py
[2025-01-12T14:57:06.541+0000] {logging_mixin.py:115} INFO - [2025-01-12T14:57:06.538+0000] {dag.py:2429} INFO - Sync 1 DAGs
[2025-01-12T14:57:06.639+0000] {logging_mixin.py:115} INFO - [2025-01-12T14:57:06.639+0000] {dag.py:2981} INFO - Setting next_dagrun for pipeline to 2025-01-11T09:30:00+00:00, run_after=2025-01-18T09:10:00+00:00
[2025-01-12T14:57:06.679+0000] {processor.py:161} INFO - Processing /opt/airflow/dags/P2M3_dini_anggriyani_DAG.py took 2.426 seconds
