[2025-01-12T13:31:31.189+0000] {processor.py:153} INFO - Started process (PID=12547) to work on /opt/airflow/dags/simple_bash.py
[2025-01-12T13:31:31.190+0000] {processor.py:640} INFO - Processing file /opt/airflow/dags/simple_bash.py for tasks to queue
[2025-01-12T13:31:31.192+0000] {logging_mixin.py:115} INFO - [2025-01-12T13:31:31.192+0000] {dagbag.py:508} INFO - Filling up the DagBag from /opt/airflow/dags/simple_bash.py
[2025-01-12T13:31:31.214+0000] {processor.py:650} INFO - DAG(s) dict_keys(['simpleBashPipe']) retrieved from /opt/airflow/dags/simple_bash.py
[2025-01-12T13:31:31.261+0000] {logging_mixin.py:115} INFO - [2025-01-12T13:31:31.261+0000] {dag.py:2429} INFO - Sync 1 DAGs
[2025-01-12T13:31:31.311+0000] {logging_mixin.py:115} INFO - [2025-01-12T13:31:31.311+0000] {dag.py:2981} INFO - Setting next_dagrun for simpleBashPipe to 2024-11-05T00:00:00+00:00, run_after=2024-11-05T00:01:00+00:00
[2025-01-12T13:31:31.335+0000] {processor.py:161} INFO - Processing /opt/airflow/dags/simple_bash.py took 0.151 seconds
[2025-01-12T13:32:01.441+0000] {processor.py:153} INFO - Started process (PID=12558) to work on /opt/airflow/dags/simple_bash.py
[2025-01-12T13:32:01.447+0000] {processor.py:640} INFO - Processing file /opt/airflow/dags/simple_bash.py for tasks to queue
[2025-01-12T13:32:01.456+0000] {logging_mixin.py:115} INFO - [2025-01-12T13:32:01.456+0000] {dagbag.py:508} INFO - Filling up the DagBag from /opt/airflow/dags/simple_bash.py
[2025-01-12T13:32:01.536+0000] {processor.py:650} INFO - DAG(s) dict_keys(['simpleBashPipe']) retrieved from /opt/airflow/dags/simple_bash.py
[2025-01-12T13:32:01.669+0000] {logging_mixin.py:115} INFO - [2025-01-12T13:32:01.669+0000] {dag.py:2429} INFO - Sync 1 DAGs
[2025-01-12T13:32:01.719+0000] {logging_mixin.py:115} INFO - [2025-01-12T13:32:01.718+0000] {dag.py:2981} INFO - Setting next_dagrun for simpleBashPipe to 2024-11-05T00:00:00+00:00, run_after=2024-11-05T00:01:00+00:00
[2025-01-12T13:32:01.753+0000] {processor.py:161} INFO - Processing /opt/airflow/dags/simple_bash.py took 0.322 seconds
[2025-01-12T13:32:34.511+0000] {processor.py:153} INFO - Started process (PID=12569) to work on /opt/airflow/dags/simple_bash.py
[2025-01-12T13:32:34.548+0000] {processor.py:640} INFO - Processing file /opt/airflow/dags/simple_bash.py for tasks to queue
[2025-01-12T13:32:34.576+0000] {logging_mixin.py:115} INFO - [2025-01-12T13:32:34.576+0000] {dagbag.py:508} INFO - Filling up the DagBag from /opt/airflow/dags/simple_bash.py
[2025-01-12T13:32:34.817+0000] {processor.py:650} INFO - DAG(s) dict_keys(['simpleBashPipe']) retrieved from /opt/airflow/dags/simple_bash.py
[2025-01-12T13:32:34.943+0000] {logging_mixin.py:115} INFO - [2025-01-12T13:32:34.943+0000] {dag.py:2429} INFO - Sync 1 DAGs
[2025-01-12T13:32:35.084+0000] {logging_mixin.py:115} INFO - [2025-01-12T13:32:35.083+0000] {dag.py:2981} INFO - Setting next_dagrun for simpleBashPipe to 2024-11-05T00:00:00+00:00, run_after=2024-11-05T00:01:00+00:00
[2025-01-12T13:32:35.142+0000] {processor.py:161} INFO - Processing /opt/airflow/dags/simple_bash.py took 0.635 seconds
[2025-01-12T13:33:06.270+0000] {processor.py:153} INFO - Started process (PID=12577) to work on /opt/airflow/dags/simple_bash.py
[2025-01-12T13:33:06.336+0000] {processor.py:640} INFO - Processing file /opt/airflow/dags/simple_bash.py for tasks to queue
[2025-01-12T13:33:06.340+0000] {logging_mixin.py:115} INFO - [2025-01-12T13:33:06.340+0000] {dagbag.py:508} INFO - Filling up the DagBag from /opt/airflow/dags/simple_bash.py
[2025-01-12T13:33:08.570+0000] {processor.py:650} INFO - DAG(s) dict_keys(['simpleBashPipe']) retrieved from /opt/airflow/dags/simple_bash.py
[2025-01-12T13:33:09.458+0000] {logging_mixin.py:115} INFO - [2025-01-12T13:33:09.458+0000] {dag.py:2429} INFO - Sync 1 DAGs
[2025-01-12T13:33:10.459+0000] {logging_mixin.py:115} INFO - [2025-01-12T13:33:10.459+0000] {dag.py:2981} INFO - Setting next_dagrun for simpleBashPipe to 2024-11-05T00:00:00+00:00, run_after=2024-11-05T00:01:00+00:00
[2025-01-12T13:33:11.037+0000] {processor.py:161} INFO - Processing /opt/airflow/dags/simple_bash.py took 4.810 seconds
[2025-01-12T13:33:42.598+0000] {processor.py:153} INFO - Started process (PID=12588) to work on /opt/airflow/dags/simple_bash.py
[2025-01-12T13:33:42.611+0000] {processor.py:640} INFO - Processing file /opt/airflow/dags/simple_bash.py for tasks to queue
[2025-01-12T13:33:42.624+0000] {logging_mixin.py:115} INFO - [2025-01-12T13:33:42.624+0000] {dagbag.py:508} INFO - Filling up the DagBag from /opt/airflow/dags/simple_bash.py
[2025-01-12T13:33:42.900+0000] {processor.py:650} INFO - DAG(s) dict_keys(['simpleBashPipe']) retrieved from /opt/airflow/dags/simple_bash.py
[2025-01-12T13:33:43.042+0000] {logging_mixin.py:115} INFO - [2025-01-12T13:33:43.042+0000] {dag.py:2429} INFO - Sync 1 DAGs
[2025-01-12T13:33:43.235+0000] {logging_mixin.py:115} INFO - [2025-01-12T13:33:43.235+0000] {dag.py:2981} INFO - Setting next_dagrun for simpleBashPipe to 2024-11-05T00:00:00+00:00, run_after=2024-11-05T00:01:00+00:00
[2025-01-12T13:33:43.307+0000] {processor.py:161} INFO - Processing /opt/airflow/dags/simple_bash.py took 0.735 seconds
[2025-01-12T13:34:13.958+0000] {processor.py:153} INFO - Started process (PID=12596) to work on /opt/airflow/dags/simple_bash.py
[2025-01-12T13:34:13.959+0000] {processor.py:640} INFO - Processing file /opt/airflow/dags/simple_bash.py for tasks to queue
[2025-01-12T13:34:13.961+0000] {logging_mixin.py:115} INFO - [2025-01-12T13:34:13.961+0000] {dagbag.py:508} INFO - Filling up the DagBag from /opt/airflow/dags/simple_bash.py
[2025-01-12T13:34:14.012+0000] {processor.py:650} INFO - DAG(s) dict_keys(['simpleBashPipe']) retrieved from /opt/airflow/dags/simple_bash.py
[2025-01-12T13:34:14.051+0000] {logging_mixin.py:115} INFO - [2025-01-12T13:34:14.050+0000] {dag.py:2429} INFO - Sync 1 DAGs
[2025-01-12T13:34:14.092+0000] {logging_mixin.py:115} INFO - [2025-01-12T13:34:14.092+0000] {dag.py:2981} INFO - Setting next_dagrun for simpleBashPipe to 2024-11-05T00:00:00+00:00, run_after=2024-11-05T00:01:00+00:00
[2025-01-12T13:34:14.113+0000] {processor.py:161} INFO - Processing /opt/airflow/dags/simple_bash.py took 0.159 seconds
[2025-01-12T13:34:44.662+0000] {processor.py:153} INFO - Started process (PID=12607) to work on /opt/airflow/dags/simple_bash.py
[2025-01-12T13:34:44.664+0000] {processor.py:640} INFO - Processing file /opt/airflow/dags/simple_bash.py for tasks to queue
[2025-01-12T13:34:44.668+0000] {logging_mixin.py:115} INFO - [2025-01-12T13:34:44.667+0000] {dagbag.py:508} INFO - Filling up the DagBag from /opt/airflow/dags/simple_bash.py
[2025-01-12T13:34:44.701+0000] {processor.py:650} INFO - DAG(s) dict_keys(['simpleBashPipe']) retrieved from /opt/airflow/dags/simple_bash.py
[2025-01-12T13:34:44.798+0000] {logging_mixin.py:115} INFO - [2025-01-12T13:34:44.798+0000] {dag.py:2429} INFO - Sync 1 DAGs
[2025-01-12T13:34:44.913+0000] {logging_mixin.py:115} INFO - [2025-01-12T13:34:44.913+0000] {dag.py:2981} INFO - Setting next_dagrun for simpleBashPipe to 2024-11-05T00:00:00+00:00, run_after=2024-11-05T00:01:00+00:00
[2025-01-12T13:34:44.963+0000] {processor.py:161} INFO - Processing /opt/airflow/dags/simple_bash.py took 0.306 seconds
[2025-01-12T13:35:15.424+0000] {processor.py:153} INFO - Started process (PID=12618) to work on /opt/airflow/dags/simple_bash.py
[2025-01-12T13:35:15.425+0000] {processor.py:640} INFO - Processing file /opt/airflow/dags/simple_bash.py for tasks to queue
[2025-01-12T13:35:15.426+0000] {logging_mixin.py:115} INFO - [2025-01-12T13:35:15.426+0000] {dagbag.py:508} INFO - Filling up the DagBag from /opt/airflow/dags/simple_bash.py
[2025-01-12T13:35:15.448+0000] {processor.py:650} INFO - DAG(s) dict_keys(['simpleBashPipe']) retrieved from /opt/airflow/dags/simple_bash.py
[2025-01-12T13:35:15.484+0000] {logging_mixin.py:115} INFO - [2025-01-12T13:35:15.484+0000] {dag.py:2429} INFO - Sync 1 DAGs
[2025-01-12T13:35:15.521+0000] {logging_mixin.py:115} INFO - [2025-01-12T13:35:15.521+0000] {dag.py:2981} INFO - Setting next_dagrun for simpleBashPipe to 2024-11-05T00:00:00+00:00, run_after=2024-11-05T00:01:00+00:00
[2025-01-12T13:35:15.541+0000] {processor.py:161} INFO - Processing /opt/airflow/dags/simple_bash.py took 0.121 seconds
[2025-01-12T13:35:45.744+0000] {processor.py:153} INFO - Started process (PID=12629) to work on /opt/airflow/dags/simple_bash.py
[2025-01-12T13:35:45.746+0000] {processor.py:640} INFO - Processing file /opt/airflow/dags/simple_bash.py for tasks to queue
[2025-01-12T13:35:45.749+0000] {logging_mixin.py:115} INFO - [2025-01-12T13:35:45.748+0000] {dagbag.py:508} INFO - Filling up the DagBag from /opt/airflow/dags/simple_bash.py
[2025-01-12T13:35:45.802+0000] {processor.py:650} INFO - DAG(s) dict_keys(['simpleBashPipe']) retrieved from /opt/airflow/dags/simple_bash.py
[2025-01-12T13:35:45.979+0000] {logging_mixin.py:115} INFO - [2025-01-12T13:35:45.978+0000] {dag.py:2429} INFO - Sync 1 DAGs
[2025-01-12T13:35:46.074+0000] {logging_mixin.py:115} INFO - [2025-01-12T13:35:46.074+0000] {dag.py:2981} INFO - Setting next_dagrun for simpleBashPipe to 2024-11-05T00:00:00+00:00, run_after=2024-11-05T00:01:00+00:00
[2025-01-12T13:35:46.115+0000] {processor.py:161} INFO - Processing /opt/airflow/dags/simple_bash.py took 0.386 seconds
[2025-01-12T13:36:16.957+0000] {processor.py:153} INFO - Started process (PID=12640) to work on /opt/airflow/dags/simple_bash.py
[2025-01-12T13:36:16.959+0000] {processor.py:640} INFO - Processing file /opt/airflow/dags/simple_bash.py for tasks to queue
[2025-01-12T13:36:16.961+0000] {logging_mixin.py:115} INFO - [2025-01-12T13:36:16.961+0000] {dagbag.py:508} INFO - Filling up the DagBag from /opt/airflow/dags/simple_bash.py
[2025-01-12T13:36:16.986+0000] {processor.py:650} INFO - DAG(s) dict_keys(['simpleBashPipe']) retrieved from /opt/airflow/dags/simple_bash.py
[2025-01-12T13:36:17.030+0000] {logging_mixin.py:115} INFO - [2025-01-12T13:36:17.030+0000] {dag.py:2429} INFO - Sync 1 DAGs
[2025-01-12T13:36:17.066+0000] {logging_mixin.py:115} INFO - [2025-01-12T13:36:17.065+0000] {dag.py:2981} INFO - Setting next_dagrun for simpleBashPipe to 2024-11-05T00:00:00+00:00, run_after=2024-11-05T00:01:00+00:00
[2025-01-12T13:36:17.083+0000] {processor.py:161} INFO - Processing /opt/airflow/dags/simple_bash.py took 0.131 seconds
[2025-01-12T13:36:47.353+0000] {processor.py:153} INFO - Started process (PID=12651) to work on /opt/airflow/dags/simple_bash.py
[2025-01-12T13:36:47.360+0000] {processor.py:640} INFO - Processing file /opt/airflow/dags/simple_bash.py for tasks to queue
[2025-01-12T13:36:47.365+0000] {logging_mixin.py:115} INFO - [2025-01-12T13:36:47.365+0000] {dagbag.py:508} INFO - Filling up the DagBag from /opt/airflow/dags/simple_bash.py
[2025-01-12T13:36:47.408+0000] {processor.py:650} INFO - DAG(s) dict_keys(['simpleBashPipe']) retrieved from /opt/airflow/dags/simple_bash.py
[2025-01-12T13:36:47.481+0000] {logging_mixin.py:115} INFO - [2025-01-12T13:36:47.481+0000] {dag.py:2429} INFO - Sync 1 DAGs
[2025-01-12T13:36:47.537+0000] {logging_mixin.py:115} INFO - [2025-01-12T13:36:47.537+0000] {dag.py:2981} INFO - Setting next_dagrun for simpleBashPipe to 2024-11-05T00:00:00+00:00, run_after=2024-11-05T00:01:00+00:00
[2025-01-12T13:36:47.559+0000] {processor.py:161} INFO - Processing /opt/airflow/dags/simple_bash.py took 0.211 seconds
[2025-01-12T13:37:18.363+0000] {processor.py:153} INFO - Started process (PID=12662) to work on /opt/airflow/dags/simple_bash.py
[2025-01-12T13:37:18.374+0000] {processor.py:640} INFO - Processing file /opt/airflow/dags/simple_bash.py for tasks to queue
[2025-01-12T13:37:18.377+0000] {logging_mixin.py:115} INFO - [2025-01-12T13:37:18.376+0000] {dagbag.py:508} INFO - Filling up the DagBag from /opt/airflow/dags/simple_bash.py
[2025-01-12T13:37:18.447+0000] {processor.py:650} INFO - DAG(s) dict_keys(['simpleBashPipe']) retrieved from /opt/airflow/dags/simple_bash.py
[2025-01-12T13:37:18.529+0000] {logging_mixin.py:115} INFO - [2025-01-12T13:37:18.529+0000] {dag.py:2429} INFO - Sync 1 DAGs
[2025-01-12T13:37:18.606+0000] {logging_mixin.py:115} INFO - [2025-01-12T13:37:18.605+0000] {dag.py:2981} INFO - Setting next_dagrun for simpleBashPipe to 2024-11-05T00:00:00+00:00, run_after=2024-11-05T00:01:00+00:00
[2025-01-12T13:37:18.655+0000] {processor.py:161} INFO - Processing /opt/airflow/dags/simple_bash.py took 0.300 seconds
[2025-01-12T13:37:49.558+0000] {processor.py:153} INFO - Started process (PID=12673) to work on /opt/airflow/dags/simple_bash.py
[2025-01-12T13:37:49.559+0000] {processor.py:640} INFO - Processing file /opt/airflow/dags/simple_bash.py for tasks to queue
[2025-01-12T13:37:49.560+0000] {logging_mixin.py:115} INFO - [2025-01-12T13:37:49.560+0000] {dagbag.py:508} INFO - Filling up the DagBag from /opt/airflow/dags/simple_bash.py
[2025-01-12T13:37:49.578+0000] {processor.py:650} INFO - DAG(s) dict_keys(['simpleBashPipe']) retrieved from /opt/airflow/dags/simple_bash.py
[2025-01-12T13:37:49.618+0000] {logging_mixin.py:115} INFO - [2025-01-12T13:37:49.617+0000] {dag.py:2429} INFO - Sync 1 DAGs
[2025-01-12T13:37:49.661+0000] {logging_mixin.py:115} INFO - [2025-01-12T13:37:49.661+0000] {dag.py:2981} INFO - Setting next_dagrun for simpleBashPipe to 2024-11-05T00:00:00+00:00, run_after=2024-11-05T00:01:00+00:00
[2025-01-12T13:37:49.685+0000] {processor.py:161} INFO - Processing /opt/airflow/dags/simple_bash.py took 0.132 seconds
[2025-01-12T13:38:20.541+0000] {processor.py:153} INFO - Started process (PID=12684) to work on /opt/airflow/dags/simple_bash.py
[2025-01-12T13:38:20.577+0000] {processor.py:640} INFO - Processing file /opt/airflow/dags/simple_bash.py for tasks to queue
[2025-01-12T13:38:20.601+0000] {logging_mixin.py:115} INFO - [2025-01-12T13:38:20.601+0000] {dagbag.py:508} INFO - Filling up the DagBag from /opt/airflow/dags/simple_bash.py
[2025-01-12T13:38:20.694+0000] {processor.py:650} INFO - DAG(s) dict_keys(['simpleBashPipe']) retrieved from /opt/airflow/dags/simple_bash.py
[2025-01-12T13:38:20.860+0000] {logging_mixin.py:115} INFO - [2025-01-12T13:38:20.859+0000] {dag.py:2429} INFO - Sync 1 DAGs
[2025-01-12T13:38:20.991+0000] {logging_mixin.py:115} INFO - [2025-01-12T13:38:20.991+0000] {dag.py:2981} INFO - Setting next_dagrun for simpleBashPipe to 2024-11-05T00:00:00+00:00, run_after=2024-11-05T00:01:00+00:00
[2025-01-12T13:38:21.020+0000] {processor.py:161} INFO - Processing /opt/airflow/dags/simple_bash.py took 0.488 seconds
[2025-01-12T13:38:51.749+0000] {processor.py:153} INFO - Started process (PID=12695) to work on /opt/airflow/dags/simple_bash.py
[2025-01-12T13:38:51.751+0000] {processor.py:640} INFO - Processing file /opt/airflow/dags/simple_bash.py for tasks to queue
[2025-01-12T13:38:51.752+0000] {logging_mixin.py:115} INFO - [2025-01-12T13:38:51.752+0000] {dagbag.py:508} INFO - Filling up the DagBag from /opt/airflow/dags/simple_bash.py
[2025-01-12T13:38:51.775+0000] {processor.py:650} INFO - DAG(s) dict_keys(['simpleBashPipe']) retrieved from /opt/airflow/dags/simple_bash.py
[2025-01-12T13:38:51.821+0000] {logging_mixin.py:115} INFO - [2025-01-12T13:38:51.821+0000] {dag.py:2429} INFO - Sync 1 DAGs
[2025-01-12T13:38:51.875+0000] {logging_mixin.py:115} INFO - [2025-01-12T13:38:51.875+0000] {dag.py:2981} INFO - Setting next_dagrun for simpleBashPipe to 2024-11-05T00:00:00+00:00, run_after=2024-11-05T00:01:00+00:00
[2025-01-12T13:38:51.926+0000] {processor.py:161} INFO - Processing /opt/airflow/dags/simple_bash.py took 0.179 seconds
[2025-01-12T13:39:22.256+0000] {processor.py:153} INFO - Started process (PID=12706) to work on /opt/airflow/dags/simple_bash.py
[2025-01-12T13:39:22.258+0000] {processor.py:640} INFO - Processing file /opt/airflow/dags/simple_bash.py for tasks to queue
[2025-01-12T13:39:22.260+0000] {logging_mixin.py:115} INFO - [2025-01-12T13:39:22.259+0000] {dagbag.py:508} INFO - Filling up the DagBag from /opt/airflow/dags/simple_bash.py
[2025-01-12T13:39:22.283+0000] {processor.py:650} INFO - DAG(s) dict_keys(['simpleBashPipe']) retrieved from /opt/airflow/dags/simple_bash.py
[2025-01-12T13:39:22.317+0000] {logging_mixin.py:115} INFO - [2025-01-12T13:39:22.317+0000] {dag.py:2429} INFO - Sync 1 DAGs
[2025-01-12T13:39:22.423+0000] {logging_mixin.py:115} INFO - [2025-01-12T13:39:22.422+0000] {dag.py:2981} INFO - Setting next_dagrun for simpleBashPipe to 2024-11-05T00:00:00+00:00, run_after=2024-11-05T00:01:00+00:00
[2025-01-12T13:39:22.543+0000] {processor.py:161} INFO - Processing /opt/airflow/dags/simple_bash.py took 0.290 seconds
[2025-01-12T13:39:52.785+0000] {processor.py:153} INFO - Started process (PID=12717) to work on /opt/airflow/dags/simple_bash.py
[2025-01-12T13:39:52.794+0000] {processor.py:640} INFO - Processing file /opt/airflow/dags/simple_bash.py for tasks to queue
[2025-01-12T13:39:52.798+0000] {logging_mixin.py:115} INFO - [2025-01-12T13:39:52.798+0000] {dagbag.py:508} INFO - Filling up the DagBag from /opt/airflow/dags/simple_bash.py
[2025-01-12T13:39:52.879+0000] {processor.py:650} INFO - DAG(s) dict_keys(['simpleBashPipe']) retrieved from /opt/airflow/dags/simple_bash.py
[2025-01-12T13:39:52.991+0000] {logging_mixin.py:115} INFO - [2025-01-12T13:39:52.990+0000] {dag.py:2429} INFO - Sync 1 DAGs
[2025-01-12T13:39:53.104+0000] {logging_mixin.py:115} INFO - [2025-01-12T13:39:53.103+0000] {dag.py:2981} INFO - Setting next_dagrun for simpleBashPipe to 2024-11-05T00:00:00+00:00, run_after=2024-11-05T00:01:00+00:00
[2025-01-12T13:39:53.151+0000] {processor.py:161} INFO - Processing /opt/airflow/dags/simple_bash.py took 0.371 seconds
[2025-01-12T13:40:24.114+0000] {processor.py:153} INFO - Started process (PID=12728) to work on /opt/airflow/dags/simple_bash.py
[2025-01-12T13:40:24.116+0000] {processor.py:640} INFO - Processing file /opt/airflow/dags/simple_bash.py for tasks to queue
[2025-01-12T13:40:24.117+0000] {logging_mixin.py:115} INFO - [2025-01-12T13:40:24.117+0000] {dagbag.py:508} INFO - Filling up the DagBag from /opt/airflow/dags/simple_bash.py
[2025-01-12T13:40:24.148+0000] {processor.py:650} INFO - DAG(s) dict_keys(['simpleBashPipe']) retrieved from /opt/airflow/dags/simple_bash.py
[2025-01-12T13:40:24.184+0000] {logging_mixin.py:115} INFO - [2025-01-12T13:40:24.183+0000] {dag.py:2429} INFO - Sync 1 DAGs
[2025-01-12T13:40:24.239+0000] {logging_mixin.py:115} INFO - [2025-01-12T13:40:24.239+0000] {dag.py:2981} INFO - Setting next_dagrun for simpleBashPipe to 2024-11-05T00:00:00+00:00, run_after=2024-11-05T00:01:00+00:00
[2025-01-12T13:40:24.262+0000] {processor.py:161} INFO - Processing /opt/airflow/dags/simple_bash.py took 0.152 seconds
[2025-01-12T13:40:54.669+0000] {processor.py:153} INFO - Started process (PID=12739) to work on /opt/airflow/dags/simple_bash.py
[2025-01-12T13:40:54.682+0000] {processor.py:640} INFO - Processing file /opt/airflow/dags/simple_bash.py for tasks to queue
[2025-01-12T13:40:54.690+0000] {logging_mixin.py:115} INFO - [2025-01-12T13:40:54.689+0000] {dagbag.py:508} INFO - Filling up the DagBag from /opt/airflow/dags/simple_bash.py
[2025-01-12T13:40:54.801+0000] {processor.py:650} INFO - DAG(s) dict_keys(['simpleBashPipe']) retrieved from /opt/airflow/dags/simple_bash.py
[2025-01-12T13:40:54.942+0000] {logging_mixin.py:115} INFO - [2025-01-12T13:40:54.941+0000] {dag.py:2429} INFO - Sync 1 DAGs
[2025-01-12T13:40:55.123+0000] {logging_mixin.py:115} INFO - [2025-01-12T13:40:55.123+0000] {dag.py:2981} INFO - Setting next_dagrun for simpleBashPipe to 2024-11-05T00:00:00+00:00, run_after=2024-11-05T00:01:00+00:00
[2025-01-12T13:40:55.209+0000] {processor.py:161} INFO - Processing /opt/airflow/dags/simple_bash.py took 0.563 seconds
[2025-01-12T13:41:25.762+0000] {processor.py:153} INFO - Started process (PID=12750) to work on /opt/airflow/dags/simple_bash.py
[2025-01-12T13:41:25.764+0000] {processor.py:640} INFO - Processing file /opt/airflow/dags/simple_bash.py for tasks to queue
[2025-01-12T13:41:25.765+0000] {logging_mixin.py:115} INFO - [2025-01-12T13:41:25.765+0000] {dagbag.py:508} INFO - Filling up the DagBag from /opt/airflow/dags/simple_bash.py
[2025-01-12T13:41:25.796+0000] {processor.py:650} INFO - DAG(s) dict_keys(['simpleBashPipe']) retrieved from /opt/airflow/dags/simple_bash.py
[2025-01-12T13:41:25.859+0000] {logging_mixin.py:115} INFO - [2025-01-12T13:41:25.858+0000] {dag.py:2429} INFO - Sync 1 DAGs
[2025-01-12T13:41:25.932+0000] {logging_mixin.py:115} INFO - [2025-01-12T13:41:25.932+0000] {dag.py:2981} INFO - Setting next_dagrun for simpleBashPipe to 2024-11-05T00:00:00+00:00, run_after=2024-11-05T00:01:00+00:00
[2025-01-12T13:41:25.980+0000] {processor.py:161} INFO - Processing /opt/airflow/dags/simple_bash.py took 0.229 seconds
[2025-01-12T13:41:56.115+0000] {processor.py:153} INFO - Started process (PID=12761) to work on /opt/airflow/dags/simple_bash.py
[2025-01-12T13:41:56.118+0000] {processor.py:640} INFO - Processing file /opt/airflow/dags/simple_bash.py for tasks to queue
[2025-01-12T13:41:56.120+0000] {logging_mixin.py:115} INFO - [2025-01-12T13:41:56.120+0000] {dagbag.py:508} INFO - Filling up the DagBag from /opt/airflow/dags/simple_bash.py
[2025-01-12T13:41:56.145+0000] {processor.py:650} INFO - DAG(s) dict_keys(['simpleBashPipe']) retrieved from /opt/airflow/dags/simple_bash.py
[2025-01-12T13:41:56.185+0000] {logging_mixin.py:115} INFO - [2025-01-12T13:41:56.184+0000] {dag.py:2429} INFO - Sync 1 DAGs
[2025-01-12T13:41:56.223+0000] {logging_mixin.py:115} INFO - [2025-01-12T13:41:56.223+0000] {dag.py:2981} INFO - Setting next_dagrun for simpleBashPipe to 2024-11-05T00:00:00+00:00, run_after=2024-11-05T00:01:00+00:00
[2025-01-12T13:41:56.244+0000] {processor.py:161} INFO - Processing /opt/airflow/dags/simple_bash.py took 0.132 seconds
[2025-01-12T13:42:26.534+0000] {processor.py:153} INFO - Started process (PID=12772) to work on /opt/airflow/dags/simple_bash.py
[2025-01-12T13:42:26.536+0000] {processor.py:640} INFO - Processing file /opt/airflow/dags/simple_bash.py for tasks to queue
[2025-01-12T13:42:26.538+0000] {logging_mixin.py:115} INFO - [2025-01-12T13:42:26.538+0000] {dagbag.py:508} INFO - Filling up the DagBag from /opt/airflow/dags/simple_bash.py
[2025-01-12T13:42:26.570+0000] {processor.py:650} INFO - DAG(s) dict_keys(['simpleBashPipe']) retrieved from /opt/airflow/dags/simple_bash.py
[2025-01-12T13:42:26.659+0000] {logging_mixin.py:115} INFO - [2025-01-12T13:42:26.659+0000] {dag.py:2429} INFO - Sync 1 DAGs
[2025-01-12T13:42:26.715+0000] {logging_mixin.py:115} INFO - [2025-01-12T13:42:26.715+0000] {dag.py:2981} INFO - Setting next_dagrun for simpleBashPipe to 2024-11-05T00:00:00+00:00, run_after=2024-11-05T00:01:00+00:00
[2025-01-12T13:42:26.754+0000] {processor.py:161} INFO - Processing /opt/airflow/dags/simple_bash.py took 0.236 seconds
[2025-01-12T13:42:57.046+0000] {processor.py:153} INFO - Started process (PID=12783) to work on /opt/airflow/dags/simple_bash.py
[2025-01-12T13:42:57.048+0000] {processor.py:640} INFO - Processing file /opt/airflow/dags/simple_bash.py for tasks to queue
[2025-01-12T13:42:57.053+0000] {logging_mixin.py:115} INFO - [2025-01-12T13:42:57.053+0000] {dagbag.py:508} INFO - Filling up the DagBag from /opt/airflow/dags/simple_bash.py
[2025-01-12T13:42:57.095+0000] {processor.py:650} INFO - DAG(s) dict_keys(['simpleBashPipe']) retrieved from /opt/airflow/dags/simple_bash.py
[2025-01-12T13:42:57.160+0000] {logging_mixin.py:115} INFO - [2025-01-12T13:42:57.160+0000] {dag.py:2429} INFO - Sync 1 DAGs
[2025-01-12T13:42:57.226+0000] {logging_mixin.py:115} INFO - [2025-01-12T13:42:57.225+0000] {dag.py:2981} INFO - Setting next_dagrun for simpleBashPipe to 2024-11-05T00:00:00+00:00, run_after=2024-11-05T00:01:00+00:00
[2025-01-12T13:42:57.277+0000] {processor.py:161} INFO - Processing /opt/airflow/dags/simple_bash.py took 0.239 seconds
[2025-01-12T13:43:27.538+0000] {processor.py:153} INFO - Started process (PID=12794) to work on /opt/airflow/dags/simple_bash.py
[2025-01-12T13:43:27.540+0000] {processor.py:640} INFO - Processing file /opt/airflow/dags/simple_bash.py for tasks to queue
[2025-01-12T13:43:27.541+0000] {logging_mixin.py:115} INFO - [2025-01-12T13:43:27.540+0000] {dagbag.py:508} INFO - Filling up the DagBag from /opt/airflow/dags/simple_bash.py
[2025-01-12T13:43:27.561+0000] {processor.py:650} INFO - DAG(s) dict_keys(['simpleBashPipe']) retrieved from /opt/airflow/dags/simple_bash.py
[2025-01-12T13:43:27.598+0000] {logging_mixin.py:115} INFO - [2025-01-12T13:43:27.597+0000] {dag.py:2429} INFO - Sync 1 DAGs
[2025-01-12T13:43:27.637+0000] {logging_mixin.py:115} INFO - [2025-01-12T13:43:27.637+0000] {dag.py:2981} INFO - Setting next_dagrun for simpleBashPipe to 2024-11-05T00:00:00+00:00, run_after=2024-11-05T00:01:00+00:00
[2025-01-12T13:43:27.672+0000] {processor.py:161} INFO - Processing /opt/airflow/dags/simple_bash.py took 0.137 seconds
[2025-01-12T13:43:57.734+0000] {processor.py:153} INFO - Started process (PID=12805) to work on /opt/airflow/dags/simple_bash.py
[2025-01-12T13:43:57.735+0000] {processor.py:640} INFO - Processing file /opt/airflow/dags/simple_bash.py for tasks to queue
[2025-01-12T13:43:57.737+0000] {logging_mixin.py:115} INFO - [2025-01-12T13:43:57.737+0000] {dagbag.py:508} INFO - Filling up the DagBag from /opt/airflow/dags/simple_bash.py
[2025-01-12T13:43:57.758+0000] {processor.py:650} INFO - DAG(s) dict_keys(['simpleBashPipe']) retrieved from /opt/airflow/dags/simple_bash.py
[2025-01-12T13:43:57.807+0000] {logging_mixin.py:115} INFO - [2025-01-12T13:43:57.807+0000] {dag.py:2429} INFO - Sync 1 DAGs
[2025-01-12T13:43:57.852+0000] {logging_mixin.py:115} INFO - [2025-01-12T13:43:57.852+0000] {dag.py:2981} INFO - Setting next_dagrun for simpleBashPipe to 2024-11-05T00:00:00+00:00, run_after=2024-11-05T00:01:00+00:00
[2025-01-12T13:43:57.872+0000] {processor.py:161} INFO - Processing /opt/airflow/dags/simple_bash.py took 0.142 seconds
[2025-01-12T13:44:28.016+0000] {processor.py:153} INFO - Started process (PID=12816) to work on /opt/airflow/dags/simple_bash.py
[2025-01-12T13:44:28.021+0000] {processor.py:640} INFO - Processing file /opt/airflow/dags/simple_bash.py for tasks to queue
[2025-01-12T13:44:28.024+0000] {logging_mixin.py:115} INFO - [2025-01-12T13:44:28.023+0000] {dagbag.py:508} INFO - Filling up the DagBag from /opt/airflow/dags/simple_bash.py
[2025-01-12T13:44:28.070+0000] {processor.py:650} INFO - DAG(s) dict_keys(['simpleBashPipe']) retrieved from /opt/airflow/dags/simple_bash.py
[2025-01-12T13:44:28.213+0000] {logging_mixin.py:115} INFO - [2025-01-12T13:44:28.212+0000] {dag.py:2429} INFO - Sync 1 DAGs
[2025-01-12T13:44:28.263+0000] {logging_mixin.py:115} INFO - [2025-01-12T13:44:28.262+0000] {dag.py:2981} INFO - Setting next_dagrun for simpleBashPipe to 2024-11-05T00:00:00+00:00, run_after=2024-11-05T00:01:00+00:00
[2025-01-12T13:44:28.287+0000] {processor.py:161} INFO - Processing /opt/airflow/dags/simple_bash.py took 0.300 seconds
[2025-01-12T13:44:58.388+0000] {processor.py:153} INFO - Started process (PID=12827) to work on /opt/airflow/dags/simple_bash.py
[2025-01-12T13:44:58.390+0000] {processor.py:640} INFO - Processing file /opt/airflow/dags/simple_bash.py for tasks to queue
[2025-01-12T13:44:58.391+0000] {logging_mixin.py:115} INFO - [2025-01-12T13:44:58.391+0000] {dagbag.py:508} INFO - Filling up the DagBag from /opt/airflow/dags/simple_bash.py
[2025-01-12T13:44:58.408+0000] {processor.py:650} INFO - DAG(s) dict_keys(['simpleBashPipe']) retrieved from /opt/airflow/dags/simple_bash.py
[2025-01-12T13:44:58.444+0000] {logging_mixin.py:115} INFO - [2025-01-12T13:44:58.444+0000] {dag.py:2429} INFO - Sync 1 DAGs
[2025-01-12T13:44:58.482+0000] {logging_mixin.py:115} INFO - [2025-01-12T13:44:58.482+0000] {dag.py:2981} INFO - Setting next_dagrun for simpleBashPipe to 2024-11-05T00:00:00+00:00, run_after=2024-11-05T00:01:00+00:00
[2025-01-12T13:44:58.504+0000] {processor.py:161} INFO - Processing /opt/airflow/dags/simple_bash.py took 0.123 seconds
[2025-01-12T13:45:28.718+0000] {processor.py:153} INFO - Started process (PID=12838) to work on /opt/airflow/dags/simple_bash.py
[2025-01-12T13:45:28.722+0000] {processor.py:640} INFO - Processing file /opt/airflow/dags/simple_bash.py for tasks to queue
[2025-01-12T13:45:28.724+0000] {logging_mixin.py:115} INFO - [2025-01-12T13:45:28.724+0000] {dagbag.py:508} INFO - Filling up the DagBag from /opt/airflow/dags/simple_bash.py
[2025-01-12T13:45:28.758+0000] {processor.py:650} INFO - DAG(s) dict_keys(['simpleBashPipe']) retrieved from /opt/airflow/dags/simple_bash.py
[2025-01-12T13:45:28.864+0000] {logging_mixin.py:115} INFO - [2025-01-12T13:45:28.863+0000] {dag.py:2429} INFO - Sync 1 DAGs
[2025-01-12T13:45:28.953+0000] {logging_mixin.py:115} INFO - [2025-01-12T13:45:28.952+0000] {dag.py:2981} INFO - Setting next_dagrun for simpleBashPipe to 2024-11-05T00:00:00+00:00, run_after=2024-11-05T00:01:00+00:00
[2025-01-12T13:45:28.997+0000] {processor.py:161} INFO - Processing /opt/airflow/dags/simple_bash.py took 0.287 seconds
[2025-01-12T13:45:59.218+0000] {processor.py:153} INFO - Started process (PID=12849) to work on /opt/airflow/dags/simple_bash.py
[2025-01-12T13:45:59.220+0000] {processor.py:640} INFO - Processing file /opt/airflow/dags/simple_bash.py for tasks to queue
[2025-01-12T13:45:59.224+0000] {logging_mixin.py:115} INFO - [2025-01-12T13:45:59.223+0000] {dagbag.py:508} INFO - Filling up the DagBag from /opt/airflow/dags/simple_bash.py
[2025-01-12T13:45:59.267+0000] {processor.py:650} INFO - DAG(s) dict_keys(['simpleBashPipe']) retrieved from /opt/airflow/dags/simple_bash.py
[2025-01-12T13:45:59.333+0000] {logging_mixin.py:115} INFO - [2025-01-12T13:45:59.332+0000] {dag.py:2429} INFO - Sync 1 DAGs
[2025-01-12T13:45:59.408+0000] {logging_mixin.py:115} INFO - [2025-01-12T13:45:59.408+0000] {dag.py:2981} INFO - Setting next_dagrun for simpleBashPipe to 2024-11-05T00:00:00+00:00, run_after=2024-11-05T00:01:00+00:00
[2025-01-12T13:45:59.463+0000] {processor.py:161} INFO - Processing /opt/airflow/dags/simple_bash.py took 0.253 seconds
[2025-01-12T13:46:30.352+0000] {processor.py:153} INFO - Started process (PID=12860) to work on /opt/airflow/dags/simple_bash.py
[2025-01-12T13:46:30.356+0000] {processor.py:640} INFO - Processing file /opt/airflow/dags/simple_bash.py for tasks to queue
[2025-01-12T13:46:30.358+0000] {logging_mixin.py:115} INFO - [2025-01-12T13:46:30.358+0000] {dagbag.py:508} INFO - Filling up the DagBag from /opt/airflow/dags/simple_bash.py
[2025-01-12T13:46:30.383+0000] {processor.py:650} INFO - DAG(s) dict_keys(['simpleBashPipe']) retrieved from /opt/airflow/dags/simple_bash.py
[2025-01-12T13:46:30.416+0000] {logging_mixin.py:115} INFO - [2025-01-12T13:46:30.416+0000] {dag.py:2429} INFO - Sync 1 DAGs
[2025-01-12T13:46:30.451+0000] {logging_mixin.py:115} INFO - [2025-01-12T13:46:30.451+0000] {dag.py:2981} INFO - Setting next_dagrun for simpleBashPipe to 2024-11-05T00:00:00+00:00, run_after=2024-11-05T00:01:00+00:00
[2025-01-12T13:46:30.475+0000] {processor.py:161} INFO - Processing /opt/airflow/dags/simple_bash.py took 0.127 seconds
[2025-01-12T13:47:00.783+0000] {processor.py:153} INFO - Started process (PID=12871) to work on /opt/airflow/dags/simple_bash.py
[2025-01-12T13:47:00.784+0000] {processor.py:640} INFO - Processing file /opt/airflow/dags/simple_bash.py for tasks to queue
[2025-01-12T13:47:00.786+0000] {logging_mixin.py:115} INFO - [2025-01-12T13:47:00.785+0000] {dagbag.py:508} INFO - Filling up the DagBag from /opt/airflow/dags/simple_bash.py
[2025-01-12T13:47:00.823+0000] {processor.py:650} INFO - DAG(s) dict_keys(['simpleBashPipe']) retrieved from /opt/airflow/dags/simple_bash.py
[2025-01-12T13:47:00.875+0000] {logging_mixin.py:115} INFO - [2025-01-12T13:47:00.874+0000] {dag.py:2429} INFO - Sync 1 DAGs
[2025-01-12T13:47:00.910+0000] {logging_mixin.py:115} INFO - [2025-01-12T13:47:00.909+0000] {dag.py:2981} INFO - Setting next_dagrun for simpleBashPipe to 2024-11-05T00:00:00+00:00, run_after=2024-11-05T00:01:00+00:00
[2025-01-12T13:47:00.934+0000] {processor.py:161} INFO - Processing /opt/airflow/dags/simple_bash.py took 0.155 seconds
[2025-01-12T13:47:31.161+0000] {processor.py:153} INFO - Started process (PID=12882) to work on /opt/airflow/dags/simple_bash.py
[2025-01-12T13:47:31.162+0000] {processor.py:640} INFO - Processing file /opt/airflow/dags/simple_bash.py for tasks to queue
[2025-01-12T13:47:31.163+0000] {logging_mixin.py:115} INFO - [2025-01-12T13:47:31.163+0000] {dagbag.py:508} INFO - Filling up the DagBag from /opt/airflow/dags/simple_bash.py
[2025-01-12T13:47:31.183+0000] {processor.py:650} INFO - DAG(s) dict_keys(['simpleBashPipe']) retrieved from /opt/airflow/dags/simple_bash.py
[2025-01-12T13:47:31.223+0000] {logging_mixin.py:115} INFO - [2025-01-12T13:47:31.223+0000] {dag.py:2429} INFO - Sync 1 DAGs
[2025-01-12T13:47:31.262+0000] {logging_mixin.py:115} INFO - [2025-01-12T13:47:31.262+0000] {dag.py:2981} INFO - Setting next_dagrun for simpleBashPipe to 2024-11-05T00:00:00+00:00, run_after=2024-11-05T00:01:00+00:00
[2025-01-12T13:47:31.284+0000] {processor.py:161} INFO - Processing /opt/airflow/dags/simple_bash.py took 0.127 seconds
[2025-01-12T13:48:01.491+0000] {processor.py:153} INFO - Started process (PID=12893) to work on /opt/airflow/dags/simple_bash.py
[2025-01-12T13:48:01.493+0000] {processor.py:640} INFO - Processing file /opt/airflow/dags/simple_bash.py for tasks to queue
[2025-01-12T13:48:01.494+0000] {logging_mixin.py:115} INFO - [2025-01-12T13:48:01.494+0000] {dagbag.py:508} INFO - Filling up the DagBag from /opt/airflow/dags/simple_bash.py
[2025-01-12T13:48:01.517+0000] {processor.py:650} INFO - DAG(s) dict_keys(['simpleBashPipe']) retrieved from /opt/airflow/dags/simple_bash.py
[2025-01-12T13:48:01.556+0000] {logging_mixin.py:115} INFO - [2025-01-12T13:48:01.556+0000] {dag.py:2429} INFO - Sync 1 DAGs
[2025-01-12T13:48:01.602+0000] {logging_mixin.py:115} INFO - [2025-01-12T13:48:01.602+0000] {dag.py:2981} INFO - Setting next_dagrun for simpleBashPipe to 2024-11-05T00:00:00+00:00, run_after=2024-11-05T00:01:00+00:00
[2025-01-12T13:48:01.650+0000] {processor.py:161} INFO - Processing /opt/airflow/dags/simple_bash.py took 0.162 seconds
[2025-01-12T13:48:32.661+0000] {processor.py:153} INFO - Started process (PID=12904) to work on /opt/airflow/dags/simple_bash.py
[2025-01-12T13:48:32.663+0000] {processor.py:640} INFO - Processing file /opt/airflow/dags/simple_bash.py for tasks to queue
[2025-01-12T13:48:32.664+0000] {logging_mixin.py:115} INFO - [2025-01-12T13:48:32.664+0000] {dagbag.py:508} INFO - Filling up the DagBag from /opt/airflow/dags/simple_bash.py
[2025-01-12T13:48:32.687+0000] {processor.py:650} INFO - DAG(s) dict_keys(['simpleBashPipe']) retrieved from /opt/airflow/dags/simple_bash.py
[2025-01-12T13:48:32.727+0000] {logging_mixin.py:115} INFO - [2025-01-12T13:48:32.726+0000] {dag.py:2429} INFO - Sync 1 DAGs
[2025-01-12T13:48:32.763+0000] {logging_mixin.py:115} INFO - [2025-01-12T13:48:32.763+0000] {dag.py:2981} INFO - Setting next_dagrun for simpleBashPipe to 2024-11-05T00:00:00+00:00, run_after=2024-11-05T00:01:00+00:00
[2025-01-12T13:48:32.782+0000] {processor.py:161} INFO - Processing /opt/airflow/dags/simple_bash.py took 0.126 seconds
[2025-01-12T13:49:03.071+0000] {processor.py:153} INFO - Started process (PID=12915) to work on /opt/airflow/dags/simple_bash.py
[2025-01-12T13:49:03.072+0000] {processor.py:640} INFO - Processing file /opt/airflow/dags/simple_bash.py for tasks to queue
[2025-01-12T13:49:03.073+0000] {logging_mixin.py:115} INFO - [2025-01-12T13:49:03.073+0000] {dagbag.py:508} INFO - Filling up the DagBag from /opt/airflow/dags/simple_bash.py
[2025-01-12T13:49:03.099+0000] {processor.py:650} INFO - DAG(s) dict_keys(['simpleBashPipe']) retrieved from /opt/airflow/dags/simple_bash.py
[2025-01-12T13:49:03.147+0000] {logging_mixin.py:115} INFO - [2025-01-12T13:49:03.147+0000] {dag.py:2429} INFO - Sync 1 DAGs
[2025-01-12T13:49:03.189+0000] {logging_mixin.py:115} INFO - [2025-01-12T13:49:03.189+0000] {dag.py:2981} INFO - Setting next_dagrun for simpleBashPipe to 2024-11-05T00:00:00+00:00, run_after=2024-11-05T00:01:00+00:00
[2025-01-12T13:49:03.211+0000] {processor.py:161} INFO - Processing /opt/airflow/dags/simple_bash.py took 0.144 seconds
[2025-01-12T13:49:34.241+0000] {processor.py:153} INFO - Started process (PID=12926) to work on /opt/airflow/dags/simple_bash.py
[2025-01-12T13:49:34.242+0000] {processor.py:640} INFO - Processing file /opt/airflow/dags/simple_bash.py for tasks to queue
[2025-01-12T13:49:34.243+0000] {logging_mixin.py:115} INFO - [2025-01-12T13:49:34.243+0000] {dagbag.py:508} INFO - Filling up the DagBag from /opt/airflow/dags/simple_bash.py
[2025-01-12T13:49:34.260+0000] {processor.py:650} INFO - DAG(s) dict_keys(['simpleBashPipe']) retrieved from /opt/airflow/dags/simple_bash.py
[2025-01-12T13:49:34.296+0000] {logging_mixin.py:115} INFO - [2025-01-12T13:49:34.296+0000] {dag.py:2429} INFO - Sync 1 DAGs
[2025-01-12T13:49:34.331+0000] {logging_mixin.py:115} INFO - [2025-01-12T13:49:34.330+0000] {dag.py:2981} INFO - Setting next_dagrun for simpleBashPipe to 2024-11-05T00:00:00+00:00, run_after=2024-11-05T00:01:00+00:00
[2025-01-12T13:49:34.349+0000] {processor.py:161} INFO - Processing /opt/airflow/dags/simple_bash.py took 0.111 seconds
[2025-01-12T13:50:04.468+0000] {processor.py:153} INFO - Started process (PID=12937) to work on /opt/airflow/dags/simple_bash.py
[2025-01-12T13:50:04.470+0000] {processor.py:640} INFO - Processing file /opt/airflow/dags/simple_bash.py for tasks to queue
[2025-01-12T13:50:04.471+0000] {logging_mixin.py:115} INFO - [2025-01-12T13:50:04.471+0000] {dagbag.py:508} INFO - Filling up the DagBag from /opt/airflow/dags/simple_bash.py
[2025-01-12T13:50:04.492+0000] {processor.py:650} INFO - DAG(s) dict_keys(['simpleBashPipe']) retrieved from /opt/airflow/dags/simple_bash.py
[2025-01-12T13:50:04.539+0000] {logging_mixin.py:115} INFO - [2025-01-12T13:50:04.539+0000] {dag.py:2429} INFO - Sync 1 DAGs
[2025-01-12T13:50:04.591+0000] {logging_mixin.py:115} INFO - [2025-01-12T13:50:04.591+0000] {dag.py:2981} INFO - Setting next_dagrun for simpleBashPipe to 2024-11-05T00:00:00+00:00, run_after=2024-11-05T00:01:00+00:00
[2025-01-12T13:50:04.629+0000] {processor.py:161} INFO - Processing /opt/airflow/dags/simple_bash.py took 0.166 seconds
[2025-01-12T13:50:34.918+0000] {processor.py:153} INFO - Started process (PID=12948) to work on /opt/airflow/dags/simple_bash.py
[2025-01-12T13:50:34.920+0000] {processor.py:640} INFO - Processing file /opt/airflow/dags/simple_bash.py for tasks to queue
[2025-01-12T13:50:34.921+0000] {logging_mixin.py:115} INFO - [2025-01-12T13:50:34.921+0000] {dagbag.py:508} INFO - Filling up the DagBag from /opt/airflow/dags/simple_bash.py
[2025-01-12T13:50:34.952+0000] {processor.py:650} INFO - DAG(s) dict_keys(['simpleBashPipe']) retrieved from /opt/airflow/dags/simple_bash.py
[2025-01-12T13:50:35.003+0000] {logging_mixin.py:115} INFO - [2025-01-12T13:50:35.003+0000] {dag.py:2429} INFO - Sync 1 DAGs
[2025-01-12T13:50:35.186+0000] {logging_mixin.py:115} INFO - [2025-01-12T13:50:35.186+0000] {dag.py:2981} INFO - Setting next_dagrun for simpleBashPipe to 2024-11-05T00:00:00+00:00, run_after=2024-11-05T00:01:00+00:00
[2025-01-12T13:50:35.354+0000] {processor.py:161} INFO - Processing /opt/airflow/dags/simple_bash.py took 0.440 seconds
[2025-01-12T13:51:05.730+0000] {processor.py:153} INFO - Started process (PID=12957) to work on /opt/airflow/dags/simple_bash.py
[2025-01-12T13:51:05.742+0000] {processor.py:640} INFO - Processing file /opt/airflow/dags/simple_bash.py for tasks to queue
[2025-01-12T13:51:05.758+0000] {logging_mixin.py:115} INFO - [2025-01-12T13:51:05.757+0000] {dagbag.py:508} INFO - Filling up the DagBag from /opt/airflow/dags/simple_bash.py
[2025-01-12T13:51:06.824+0000] {processor.py:650} INFO - DAG(s) dict_keys(['simpleBashPipe']) retrieved from /opt/airflow/dags/simple_bash.py
[2025-01-12T13:51:07.091+0000] {logging_mixin.py:115} INFO - [2025-01-12T13:51:07.091+0000] {dag.py:2429} INFO - Sync 1 DAGs
[2025-01-12T13:51:07.382+0000] {logging_mixin.py:115} INFO - [2025-01-12T13:51:07.382+0000] {dag.py:2981} INFO - Setting next_dagrun for simpleBashPipe to 2024-11-05T00:00:00+00:00, run_after=2024-11-05T00:01:00+00:00
[2025-01-12T13:51:07.492+0000] {processor.py:161} INFO - Processing /opt/airflow/dags/simple_bash.py took 1.767 seconds
[2025-01-12T13:51:38.239+0000] {processor.py:153} INFO - Started process (PID=12964) to work on /opt/airflow/dags/simple_bash.py
[2025-01-12T13:51:38.242+0000] {processor.py:640} INFO - Processing file /opt/airflow/dags/simple_bash.py for tasks to queue
[2025-01-12T13:51:38.244+0000] {logging_mixin.py:115} INFO - [2025-01-12T13:51:38.244+0000] {dagbag.py:508} INFO - Filling up the DagBag from /opt/airflow/dags/simple_bash.py
[2025-01-12T13:51:38.270+0000] {processor.py:650} INFO - DAG(s) dict_keys(['simpleBashPipe']) retrieved from /opt/airflow/dags/simple_bash.py
[2025-01-12T13:51:38.324+0000] {logging_mixin.py:115} INFO - [2025-01-12T13:51:38.324+0000] {dag.py:2429} INFO - Sync 1 DAGs
[2025-01-12T13:51:38.373+0000] {logging_mixin.py:115} INFO - [2025-01-12T13:51:38.373+0000] {dag.py:2981} INFO - Setting next_dagrun for simpleBashPipe to 2024-11-05T00:00:00+00:00, run_after=2024-11-05T00:01:00+00:00
[2025-01-12T13:51:38.397+0000] {processor.py:161} INFO - Processing /opt/airflow/dags/simple_bash.py took 0.164 seconds
[2025-01-12T14:54:10.205+0000] {processor.py:153} INFO - Started process (PID=248) to work on /opt/airflow/dags/simple_bash.py
[2025-01-12T14:54:10.229+0000] {processor.py:640} INFO - Processing file /opt/airflow/dags/simple_bash.py for tasks to queue
[2025-01-12T14:54:10.280+0000] {logging_mixin.py:115} INFO - [2025-01-12T14:54:10.279+0000] {dagbag.py:508} INFO - Filling up the DagBag from /opt/airflow/dags/simple_bash.py
[2025-01-12T14:54:10.472+0000] {processor.py:650} INFO - DAG(s) dict_keys(['simpleBashPipe']) retrieved from /opt/airflow/dags/simple_bash.py
[2025-01-12T14:54:10.658+0000] {logging_mixin.py:115} INFO - [2025-01-12T14:54:10.646+0000] {dag.py:2429} INFO - Sync 1 DAGs
[2025-01-12T14:54:11.333+0000] {logging_mixin.py:115} INFO - [2025-01-12T14:54:11.333+0000] {dag.py:2981} INFO - Setting next_dagrun for simpleBashPipe to 2024-11-05T00:00:00+00:00, run_after=2024-11-05T00:01:00+00:00
[2025-01-12T14:54:11.508+0000] {processor.py:161} INFO - Processing /opt/airflow/dags/simple_bash.py took 1.353 seconds
[2025-01-12T14:54:42.323+0000] {processor.py:153} INFO - Started process (PID=259) to work on /opt/airflow/dags/simple_bash.py
[2025-01-12T14:54:42.329+0000] {processor.py:640} INFO - Processing file /opt/airflow/dags/simple_bash.py for tasks to queue
[2025-01-12T14:54:42.336+0000] {logging_mixin.py:115} INFO - [2025-01-12T14:54:42.334+0000] {dagbag.py:508} INFO - Filling up the DagBag from /opt/airflow/dags/simple_bash.py
[2025-01-12T14:54:42.486+0000] {processor.py:650} INFO - DAG(s) dict_keys(['simpleBashPipe']) retrieved from /opt/airflow/dags/simple_bash.py
[2025-01-12T14:54:42.791+0000] {logging_mixin.py:115} INFO - [2025-01-12T14:54:42.790+0000] {dag.py:2429} INFO - Sync 1 DAGs
[2025-01-12T14:54:43.457+0000] {logging_mixin.py:115} INFO - [2025-01-12T14:54:43.457+0000] {dag.py:2981} INFO - Setting next_dagrun for simpleBashPipe to 2024-11-05T00:00:00+00:00, run_after=2024-11-05T00:01:00+00:00
[2025-01-12T14:54:43.772+0000] {processor.py:161} INFO - Processing /opt/airflow/dags/simple_bash.py took 1.483 seconds
[2025-01-12T14:55:14.772+0000] {processor.py:153} INFO - Started process (PID=270) to work on /opt/airflow/dags/simple_bash.py
[2025-01-12T14:55:14.775+0000] {processor.py:640} INFO - Processing file /opt/airflow/dags/simple_bash.py for tasks to queue
[2025-01-12T14:55:14.779+0000] {logging_mixin.py:115} INFO - [2025-01-12T14:55:14.778+0000] {dagbag.py:508} INFO - Filling up the DagBag from /opt/airflow/dags/simple_bash.py
[2025-01-12T14:55:14.876+0000] {processor.py:650} INFO - DAG(s) dict_keys(['simpleBashPipe']) retrieved from /opt/airflow/dags/simple_bash.py
[2025-01-12T14:55:14.999+0000] {logging_mixin.py:115} INFO - [2025-01-12T14:55:14.999+0000] {dag.py:2429} INFO - Sync 1 DAGs
[2025-01-12T14:55:15.103+0000] {logging_mixin.py:115} INFO - [2025-01-12T14:55:15.103+0000] {dag.py:2981} INFO - Setting next_dagrun for simpleBashPipe to 2024-11-05T00:00:00+00:00, run_after=2024-11-05T00:01:00+00:00
[2025-01-12T14:55:15.156+0000] {processor.py:161} INFO - Processing /opt/airflow/dags/simple_bash.py took 0.399 seconds
[2025-01-12T14:55:46.024+0000] {processor.py:153} INFO - Started process (PID=281) to work on /opt/airflow/dags/simple_bash.py
[2025-01-12T14:55:46.027+0000] {processor.py:640} INFO - Processing file /opt/airflow/dags/simple_bash.py for tasks to queue
[2025-01-12T14:55:46.030+0000] {logging_mixin.py:115} INFO - [2025-01-12T14:55:46.029+0000] {dagbag.py:508} INFO - Filling up the DagBag from /opt/airflow/dags/simple_bash.py
[2025-01-12T14:55:46.093+0000] {processor.py:650} INFO - DAG(s) dict_keys(['simpleBashPipe']) retrieved from /opt/airflow/dags/simple_bash.py
[2025-01-12T14:55:46.391+0000] {logging_mixin.py:115} INFO - [2025-01-12T14:55:46.391+0000] {dag.py:2429} INFO - Sync 1 DAGs
[2025-01-12T14:55:46.593+0000] {logging_mixin.py:115} INFO - [2025-01-12T14:55:46.585+0000] {dag.py:2981} INFO - Setting next_dagrun for simpleBashPipe to 2024-11-05T00:00:00+00:00, run_after=2024-11-05T00:01:00+00:00
[2025-01-12T14:55:46.691+0000] {processor.py:161} INFO - Processing /opt/airflow/dags/simple_bash.py took 0.679 seconds
[2025-01-12T14:56:17.100+0000] {processor.py:153} INFO - Started process (PID=292) to work on /opt/airflow/dags/simple_bash.py
[2025-01-12T14:56:17.102+0000] {processor.py:640} INFO - Processing file /opt/airflow/dags/simple_bash.py for tasks to queue
[2025-01-12T14:56:17.107+0000] {logging_mixin.py:115} INFO - [2025-01-12T14:56:17.105+0000] {dagbag.py:508} INFO - Filling up the DagBag from /opt/airflow/dags/simple_bash.py
[2025-01-12T14:56:17.152+0000] {processor.py:650} INFO - DAG(s) dict_keys(['simpleBashPipe']) retrieved from /opt/airflow/dags/simple_bash.py
[2025-01-12T14:56:17.277+0000] {logging_mixin.py:115} INFO - [2025-01-12T14:56:17.277+0000] {dag.py:2429} INFO - Sync 1 DAGs
[2025-01-12T14:56:17.337+0000] {logging_mixin.py:115} INFO - [2025-01-12T14:56:17.336+0000] {dag.py:2981} INFO - Setting next_dagrun for simpleBashPipe to 2024-11-05T00:00:00+00:00, run_after=2024-11-05T00:01:00+00:00
[2025-01-12T14:56:17.406+0000] {processor.py:161} INFO - Processing /opt/airflow/dags/simple_bash.py took 0.316 seconds
[2025-01-12T14:56:47.755+0000] {processor.py:153} INFO - Started process (PID=303) to work on /opt/airflow/dags/simple_bash.py
[2025-01-12T14:56:47.757+0000] {processor.py:640} INFO - Processing file /opt/airflow/dags/simple_bash.py for tasks to queue
[2025-01-12T14:56:47.760+0000] {logging_mixin.py:115} INFO - [2025-01-12T14:56:47.759+0000] {dagbag.py:508} INFO - Filling up the DagBag from /opt/airflow/dags/simple_bash.py
[2025-01-12T14:56:47.806+0000] {processor.py:650} INFO - DAG(s) dict_keys(['simpleBashPipe']) retrieved from /opt/airflow/dags/simple_bash.py
[2025-01-12T14:56:47.878+0000] {logging_mixin.py:115} INFO - [2025-01-12T14:56:47.877+0000] {dag.py:2429} INFO - Sync 1 DAGs
[2025-01-12T14:56:47.965+0000] {logging_mixin.py:115} INFO - [2025-01-12T14:56:47.964+0000] {dag.py:2981} INFO - Setting next_dagrun for simpleBashPipe to 2024-11-05T00:00:00+00:00, run_after=2024-11-05T00:01:00+00:00
[2025-01-12T14:56:48.007+0000] {processor.py:161} INFO - Processing /opt/airflow/dags/simple_bash.py took 0.260 seconds
